<?xml version="1.0" encoding="UTF-8" standalone="no"?>
<!DOCTYPE report PUBLIC "-//JACOCO//DTD Report 1.1//EN" "report.dtd"[]>
<report name="Pester (07/21/2025 10:11:45)">
  <sessioninfo id="this" start="1753092686436" dump="1753092705736" />
  <package name="autocert">
    <class name="autocert/Main" sourcefilename="Main.ps1">
      <method name="&lt;script&gt;" desc="()" line="62">
        <counter type="INSTRUCTION" missed="111" covered="0" />
        <counter type="LINE" missed="92" covered="0" />
        <counter type="METHOD" missed="1" covered="0" />
      </method>
      <method name="Invoke-SingleCertificateManagement" desc="()" line="173">
        <counter type="INSTRUCTION" missed="52" covered="0" />
        <counter type="LINE" missed="41" covered="0" />
        <counter type="METHOD" missed="1" covered="0" />
      </method>
      <counter type="INSTRUCTION" missed="163" covered="0" />
      <counter type="LINE" missed="133" covered="0" />
      <counter type="METHOD" missed="2" covered="0" />
      <counter type="CLASS" missed="1" covered="0" />
    </class>
    <sourcefile name="Main.ps1">
      <line nr="62" mi="1" ci="0" mb="0" cb="0" />
      <line nr="63" mi="1" ci="0" mb="0" cb="0" />
      <line nr="64" mi="1" ci="0" mb="0" cb="0" />
      <line nr="67" mi="2" ci="0" mb="0" cb="0" />
      <line nr="69" mi="1" ci="0" mb="0" cb="0" />
      <line nr="70" mi="1" ci="0" mb="0" cb="0" />
      <line nr="72" mi="1" ci="0" mb="0" cb="0" />
      <line nr="73" mi="1" ci="0" mb="0" cb="0" />
      <line nr="75" mi="1" ci="0" mb="0" cb="0" />
      <line nr="80" mi="1" ci="0" mb="0" cb="0" />
      <line nr="81" mi="2" ci="0" mb="0" cb="0" />
      <line nr="82" mi="1" ci="0" mb="0" cb="0" />
      <line nr="83" mi="1" ci="0" mb="0" cb="0" />
      <line nr="84" mi="1" ci="0" mb="0" cb="0" />
      <line nr="88" mi="1" ci="0" mb="0" cb="0" />
      <line nr="89" mi="3" ci="0" mb="0" cb="0" />
      <line nr="90" mi="3" ci="0" mb="0" cb="0" />
      <line nr="93" mi="1" ci="0" mb="0" cb="0" />
      <line nr="94" mi="1" ci="0" mb="0" cb="0" />
      <line nr="98" mi="1" ci="0" mb="0" cb="0" />
      <line nr="99" mi="1" ci="0" mb="0" cb="0" />
      <line nr="100" mi="1" ci="0" mb="0" cb="0" />
      <line nr="101" mi="1" ci="0" mb="0" cb="0" />
      <line nr="104" mi="2" ci="0" mb="0" cb="0" />
      <line nr="105" mi="1" ci="0" mb="0" cb="0" />
      <line nr="106" mi="1" ci="0" mb="0" cb="0" />
      <line nr="107" mi="1" ci="0" mb="0" cb="0" />
      <line nr="109" mi="1" ci="0" mb="0" cb="0" />
      <line nr="113" mi="1" ci="0" mb="0" cb="0" />
      <line nr="115" mi="1" ci="0" mb="0" cb="0" />
      <line nr="116" mi="1" ci="0" mb="0" cb="0" />
      <line nr="117" mi="1" ci="0" mb="0" cb="0" />
      <line nr="120" mi="1" ci="0" mb="0" cb="0" />
      <line nr="121" mi="1" ci="0" mb="0" cb="0" />
      <line nr="123" mi="1" ci="0" mb="0" cb="0" />
      <line nr="124" mi="1" ci="0" mb="0" cb="0" />
      <line nr="128" mi="1" ci="0" mb="0" cb="0" />
      <line nr="129" mi="1" ci="0" mb="0" cb="0" />
      <line nr="130" mi="1" ci="0" mb="0" cb="0" />
      <line nr="134" mi="1" ci="0" mb="0" cb="0" />
      <line nr="135" mi="1" ci="0" mb="0" cb="0" />
      <line nr="138" mi="2" ci="0" mb="0" cb="0" />
      <line nr="139" mi="1" ci="0" mb="0" cb="0" />
      <line nr="142" mi="1" ci="0" mb="0" cb="0" />
      <line nr="144" mi="1" ci="0" mb="0" cb="0" />
      <line nr="145" mi="1" ci="0" mb="0" cb="0" />
      <line nr="146" mi="1" ci="0" mb="0" cb="0" />
      <line nr="149" mi="1" ci="0" mb="0" cb="0" />
      <line nr="150" mi="1" ci="0" mb="0" cb="0" />
      <line nr="173" mi="1" ci="0" mb="0" cb="0" />
      <line nr="174" mi="1" ci="0" mb="0" cb="0" />
      <line nr="175" mi="1" ci="0" mb="0" cb="0" />
      <line nr="176" mi="2" ci="0" mb="0" cb="0" />
      <line nr="177" mi="1" ci="0" mb="0" cb="0" />
      <line nr="178" mi="2" ci="0" mb="0" cb="0" />
      <line nr="181" mi="1" ci="0" mb="0" cb="0" />
      <line nr="182" mi="3" ci="0" mb="0" cb="0" />
      <line nr="183" mi="1" ci="0" mb="0" cb="0" />
      <line nr="184" mi="2" ci="0" mb="0" cb="0" />
      <line nr="185" mi="2" ci="0" mb="0" cb="0" />
      <line nr="186" mi="2" ci="0" mb="0" cb="0" />
      <line nr="189" mi="1" ci="0" mb="0" cb="0" />
      <line nr="192" mi="1" ci="0" mb="0" cb="0" />
      <line nr="193" mi="1" ci="0" mb="0" cb="0" />
      <line nr="194" mi="1" ci="0" mb="0" cb="0" />
      <line nr="195" mi="1" ci="0" mb="0" cb="0" />
      <line nr="196" mi="1" ci="0" mb="0" cb="0" />
      <line nr="197" mi="1" ci="0" mb="0" cb="0" />
      <line nr="198" mi="2" ci="0" mb="0" cb="0" />
      <line nr="200" mi="1" ci="0" mb="0" cb="0" />
      <line nr="202" mi="1" ci="0" mb="0" cb="0" />
      <line nr="204" mi="1" ci="0" mb="0" cb="0" />
      <line nr="206" mi="1" ci="0" mb="0" cb="0" />
      <line nr="207" mi="1" ci="0" mb="0" cb="0" />
      <line nr="208" mi="1" ci="0" mb="0" cb="0" />
      <line nr="211" mi="1" ci="0" mb="0" cb="0" />
      <line nr="215" mi="2" ci="0" mb="0" cb="0" />
      <line nr="217" mi="1" ci="0" mb="0" cb="0" />
      <line nr="222" mi="1" ci="0" mb="0" cb="0" />
      <line nr="223" mi="1" ci="0" mb="0" cb="0" />
      <line nr="224" mi="1" ci="0" mb="0" cb="0" />
      <line nr="227" mi="1" ci="0" mb="0" cb="0" />
      <line nr="231" mi="2" ci="0" mb="0" cb="0" />
      <line nr="233" mi="1" ci="0" mb="0" cb="0" />
      <line nr="237" mi="1" ci="0" mb="0" cb="0" />
      <line nr="238" mi="1" ci="0" mb="0" cb="0" />
      <line nr="239" mi="1" ci="0" mb="0" cb="0" />
      <line nr="243" mi="2" ci="0" mb="0" cb="0" />
      <line nr="244" mi="1" ci="0" mb="0" cb="0" />
      <line nr="247" mi="1" ci="0" mb="0" cb="0" />
      <line nr="255" mi="1" ci="0" mb="0" cb="0" />
      <line nr="256" mi="1" ci="0" mb="0" cb="0" />
      <line nr="257" mi="1" ci="0" mb="0" cb="0" />
      <line nr="261" mi="1" ci="0" mb="0" cb="0" />
      <line nr="262" mi="1" ci="0" mb="0" cb="0" />
      <line nr="263" mi="1" ci="0" mb="0" cb="0" />
      <line nr="265" mi="1" ci="0" mb="0" cb="0" />
      <line nr="267" mi="2" ci="0" mb="0" cb="0" />
      <line nr="270" mi="2" ci="0" mb="0" cb="0" />
      <line nr="273" mi="2" ci="0" mb="0" cb="0" />
      <line nr="276" mi="1" ci="0" mb="0" cb="0" />
      <line nr="279" mi="2" ci="0" mb="0" cb="0" />
      <line nr="282" mi="1" ci="0" mb="0" cb="0" />
      <line nr="285" mi="1" ci="0" mb="0" cb="0" />
      <line nr="288" mi="1" ci="0" mb="0" cb="0" />
      <line nr="291" mi="1" ci="0" mb="0" cb="0" />
      <line nr="292" mi="1" ci="0" mb="0" cb="0" />
      <line nr="295" mi="1" ci="0" mb="0" cb="0" />
      <line nr="296" mi="1" ci="0" mb="0" cb="0" />
      <line nr="303" mi="2" ci="0" mb="0" cb="0" />
      <line nr="304" mi="1" ci="0" mb="0" cb="0" />
      <line nr="306" mi="1" ci="0" mb="0" cb="0" />
      <line nr="307" mi="1" ci="0" mb="0" cb="0" />
      <line nr="310" mi="1" ci="0" mb="0" cb="0" />
      <line nr="311" mi="1" ci="0" mb="0" cb="0" />
      <line nr="314" mi="1" ci="0" mb="0" cb="0" />
      <line nr="315" mi="2" ci="0" mb="0" cb="0" />
      <line nr="316" mi="2" ci="0" mb="0" cb="0" />
      <line nr="317" mi="3" ci="0" mb="0" cb="0" />
      <line nr="318" mi="2" ci="0" mb="0" cb="0" />
      <line nr="320" mi="1" ci="0" mb="0" cb="0" />
      <line nr="321" mi="1" ci="0" mb="0" cb="0" />
      <line nr="322" mi="1" ci="0" mb="0" cb="0" />
      <line nr="323" mi="1" ci="0" mb="0" cb="0" />
      <line nr="324" mi="1" ci="0" mb="0" cb="0" />
      <line nr="326" mi="1" ci="0" mb="0" cb="0" />
      <line nr="327" mi="1" ci="0" mb="0" cb="0" />
      <line nr="329" mi="1" ci="0" mb="0" cb="0" />
      <line nr="334" mi="2" ci="0" mb="0" cb="0" />
      <line nr="335" mi="1" ci="0" mb="0" cb="0" />
      <line nr="338" mi="1" ci="0" mb="0" cb="0" />
      <line nr="339" mi="1" ci="0" mb="0" cb="0" />
      <line nr="343" mi="1" ci="0" mb="0" cb="0" />
      <counter type="INSTRUCTION" missed="163" covered="0" />
      <counter type="LINE" missed="133" covered="0" />
      <counter type="METHOD" missed="2" covered="0" />
      <counter type="CLASS" missed="1" covered="0" />
    </sourcefile>
    <counter type="INSTRUCTION" missed="163" covered="0" />
    <counter type="LINE" missed="133" covered="0" />
    <counter type="METHOD" missed="2" covered="0" />
    <counter type="CLASS" missed="1" covered="0" />
  </package>
  <package name="autocert/Core">
    <class name="autocert/Core/ConfigurationManager" sourcefilename="Core/ConfigurationManager.ps1">
      <method name="Initialize-Directory" desc="()" line="16">
        <counter type="INSTRUCTION" missed="4" covered="0" />
        <counter type="LINE" missed="2" covered="0" />
        <counter type="METHOD" missed="1" covered="0" />
      </method>
      <method name="Write-ConfigurationError" desc="()" line="33">
        <counter type="INSTRUCTION" missed="3" covered="0" />
        <counter type="LINE" missed="2" covered="0" />
        <counter type="METHOD" missed="1" covered="0" />
      </method>
      <method name="ConvertTo-Hashtable" desc="()" line="46">
        <counter type="INSTRUCTION" missed="14" covered="0" />
        <counter type="LINE" missed="12" covered="0" />
        <counter type="METHOD" missed="1" covered="0" />
      </method>
      <method name="Get-ConfigurationSchema" desc="()" line="71">
        <counter type="INSTRUCTION" missed="39" covered="0" />
        <counter type="LINE" missed="24" covered="0" />
        <counter type="METHOD" missed="1" covered="0" />
      </method>
      <method name="Test-Configuration" desc="()" line="111">
        <counter type="INSTRUCTION" missed="28" covered="0" />
        <counter type="LINE" missed="24" covered="0" />
        <counter type="METHOD" missed="1" covered="0" />
      </method>
      <method name="Backup-Configuration" desc="()" line="161">
        <counter type="INSTRUCTION" missed="10" covered="0" />
        <counter type="LINE" missed="8" covered="0" />
        <counter type="METHOD" missed="1" covered="0" />
      </method>
      <method name="Restore-Configuration" desc="()" line="183">
        <counter type="INSTRUCTION" missed="14" covered="0" />
        <counter type="LINE" missed="12" covered="0" />
        <counter type="METHOD" missed="1" covered="0" />
      </method>
      <method name="Initialize-DefaultConfiguration" desc="()" line="210">
        <counter type="INSTRUCTION" missed="11" covered="0" />
        <counter type="LINE" missed="10" covered="0" />
        <counter type="METHOD" missed="1" covered="0" />
      </method>
      <counter type="INSTRUCTION" missed="123" covered="0" />
      <counter type="LINE" missed="94" covered="0" />
      <counter type="METHOD" missed="8" covered="0" />
      <counter type="CLASS" missed="1" covered="0" />
    </class>
    <class name="autocert/Core/ErrorHandlingHelpers" sourcefilename="Core/ErrorHandlingHelpers.ps1">
      <method name="Write-CoreModuleError" desc="()" line="59">
        <counter type="INSTRUCTION" missed="32" covered="0" />
        <counter type="LINE" missed="23" covered="0" />
        <counter type="METHOD" missed="1" covered="0" />
      </method>
      <method name="Invoke-CoreModuleOperation" desc="()" line="164">
        <counter type="INSTRUCTION" missed="30" covered="0" />
        <counter type="LINE" missed="28" covered="0" />
        <counter type="METHOD" missed="1" covered="0" />
      </method>
      <method name="Test-CoreModuleHealth" desc="()" line="238">
        <counter type="INSTRUCTION" missed="62" covered="0" />
        <counter type="LINE" missed="43" covered="0" />
        <counter type="METHOD" missed="1" covered="0" />
      </method>
      <method name="Get-CoreModuleErrorHistory" desc="()" line="350">
        <counter type="INSTRUCTION" missed="23" covered="0" />
        <counter type="LINE" missed="13" covered="0" />
        <counter type="METHOD" missed="1" covered="0" />
      </method>
      <method name="Clear-CoreModuleErrorHistory" desc="()" line="401">
        <counter type="INSTRUCTION" missed="24" covered="0" />
        <counter type="LINE" missed="17" covered="0" />
        <counter type="METHOD" missed="1" covered="0" />
      </method>
      <method name="&lt;script&gt;" desc="()" line="432">
        <counter type="INSTRUCTION" missed="1" covered="0" />
        <counter type="LINE" missed="1" covered="0" />
        <counter type="METHOD" missed="1" covered="0" />
      </method>
      <counter type="INSTRUCTION" missed="172" covered="0" />
      <counter type="LINE" missed="125" covered="0" />
      <counter type="METHOD" missed="6" covered="0" />
      <counter type="CLASS" missed="1" covered="0" />
    </class>
    <class name="autocert/Core/Helpers" sourcefilename="Core/Helpers.ps1">
      <method name="Invoke-WithRetry" desc="()" line="22">
        <counter type="INSTRUCTION" missed="2" covered="17" />
        <counter type="LINE" missed="2" covered="16" />
        <counter type="METHOD" missed="0" covered="1" />
      </method>
      <method name="Write-ProgressHelper" desc="()" line="66">
        <counter type="INSTRUCTION" missed="2" covered="2" />
        <counter type="LINE" missed="1" covered="2" />
        <counter type="METHOD" missed="0" covered="1" />
      </method>
      <method name="Get-ValidatedInput" desc="()" line="81">
        <counter type="INSTRUCTION" missed="10" covered="0" />
        <counter type="LINE" missed="8" covered="0" />
        <counter type="METHOD" missed="1" covered="0" />
      </method>
      <method name="Test-ValidPath" desc="()" line="105">
        <counter type="INSTRUCTION" missed="38" covered="0" />
        <counter type="LINE" missed="29" covered="0" />
        <counter type="METHOD" missed="1" covered="0" />
      </method>
      <method name="Test-ValidEmail" desc="()" line="159">
        <counter type="INSTRUCTION" missed="0" covered="7" />
        <counter type="LINE" missed="0" covered="7" />
        <counter type="METHOD" missed="0" covered="1" />
      </method>
      <method name="Test-ValidDomain" desc="()" line="175">
        <counter type="INSTRUCTION" missed="0" covered="7" />
        <counter type="LINE" missed="0" covered="7" />
        <counter type="METHOD" missed="0" covered="1" />
      </method>
      <method name="Test-PluginParameters" desc="()" line="194">
        <counter type="INSTRUCTION" missed="22" covered="0" />
        <counter type="LINE" missed="21" covered="0" />
        <counter type="METHOD" missed="1" covered="0" />
      </method>
      <method name="Get-ScriptSettings" desc="()" line="233">
        <counter type="INSTRUCTION" missed="20" covered="0" />
        <counter type="LINE" missed="17" covered="0" />
        <counter type="METHOD" missed="1" covered="0" />
      </method>
      <method name="Save-ScriptSettings" desc="()" line="268">
        <counter type="INSTRUCTION" missed="14" covered="0" />
        <counter type="LINE" missed="8" covered="0" />
        <counter type="METHOD" missed="1" covered="0" />
      </method>
      <method name="Set-SecureCredential" desc="()" line="289">
        <counter type="INSTRUCTION" missed="13" covered="0" />
        <counter type="LINE" missed="9" covered="0" />
        <counter type="METHOD" missed="1" covered="0" />
      </method>
      <method name="Get-SecureCredential" desc="()" line="311">
        <counter type="INSTRUCTION" missed="12" covered="0" />
        <counter type="LINE" missed="10" covered="0" />
        <counter type="METHOD" missed="1" covered="0" />
      </method>
      <method name="Confirm-Action" desc="()" line="333">
        <counter type="INSTRUCTION" missed="2" covered="0" />
        <counter type="LINE" missed="2" covered="0" />
        <counter type="METHOD" missed="1" covered="0" />
      </method>
      <method name="Get-BaseDomain" desc="()" line="343">
        <counter type="INSTRUCTION" missed="22" covered="0" />
        <counter type="LINE" missed="15" covered="0" />
        <counter type="METHOD" missed="1" covered="0" />
      </method>
      <method name="Get-NextFileVersion" desc="()" line="373">
        <counter type="INSTRUCTION" missed="9" covered="0" />
        <counter type="LINE" missed="8" covered="0" />
        <counter type="METHOD" missed="1" covered="0" />
      </method>
      <method name="Get-RSCertFolder" desc="()" line="389">
        <counter type="INSTRUCTION" missed="8" covered="0" />
        <counter type="LINE" missed="8" covered="0" />
        <counter type="METHOD" missed="1" covered="0" />
      </method>
      <method name="Save-PEMFiles" desc="()" line="415">
        <counter type="INSTRUCTION" missed="27" covered="0" />
        <counter type="LINE" missed="23" covered="0" />
        <counter type="METHOD" missed="1" covered="0" />
      </method>
      <method name="&lt;script&gt;" desc="()" line="454">
        <counter type="INSTRUCTION" missed="0" covered="1" />
        <counter type="LINE" missed="0" covered="1" />
        <counter type="METHOD" missed="0" covered="1" />
      </method>
      <method name="Get-RevokedCertificates" desc="()" line="459">
        <counter type="INSTRUCTION" missed="10" covered="0" />
        <counter type="LINE" missed="7" covered="0" />
        <counter type="METHOD" missed="1" covered="0" />
      </method>
      <method name="Save-RevokedCertificates" desc="()" line="481">
        <counter type="INSTRUCTION" missed="12" covered="0" />
        <counter type="LINE" missed="6" covered="0" />
        <counter type="METHOD" missed="1" covered="0" />
      </method>
      <counter type="INSTRUCTION" missed="223" covered="34" />
      <counter type="LINE" missed="174" covered="33" />
      <counter type="METHOD" missed="14" covered="5" />
      <counter type="CLASS" missed="0" covered="1" />
    </class>
    <class name="autocert/Core/Initialize-PoshAcme" sourcefilename="Core/Initialize-PoshAcme.ps1">
      <method name="&lt;script&gt;" desc="()" line="15">
        <counter type="INSTRUCTION" missed="36" covered="15" />
        <counter type="LINE" missed="32" covered="13" />
        <counter type="METHOD" missed="0" covered="1" />
      </method>
      <method name="Write-SafeLog" desc="()" line="21">
        <counter type="INSTRUCTION" missed="4" covered="2" />
        <counter type="LINE" missed="4" covered="2" />
        <counter type="METHOD" missed="0" covered="1" />
      </method>
      <method name="Test-PoshAcmeModule" desc="()" line="47">
        <counter type="INSTRUCTION" missed="21" covered="0" />
        <counter type="LINE" missed="16" covered="0" />
        <counter type="METHOD" missed="1" covered="0" />
      </method>
      <method name="Get-LatestPoshAcmeVersion" desc="()" line="85">
        <counter type="INSTRUCTION" missed="16" covered="0" />
        <counter type="LINE" missed="13" covered="0" />
        <counter type="METHOD" missed="1" covered="0" />
      </method>
      <method name="Install-PoshAcmeModule" desc="()" line="115">
        <counter type="INSTRUCTION" missed="16" covered="0" />
        <counter type="LINE" missed="13" covered="0" />
        <counter type="METHOD" missed="1" covered="0" />
      </method>
      <method name="Update-PoshAcmeModule" desc="()" line="155">
        <counter type="INSTRUCTION" missed="18" covered="0" />
        <counter type="LINE" missed="14" covered="0" />
        <counter type="METHOD" missed="1" covered="0" />
      </method>
      <method name="Sync-PoshAcmeRepository" desc="()" line="194">
        <counter type="INSTRUCTION" missed="12" covered="0" />
        <counter type="LINE" missed="9" covered="0" />
        <counter type="METHOD" missed="1" covered="0" />
      </method>
      <method name="Initialize-ACMEServer" desc="()" line="294">
        <counter type="INSTRUCTION" missed="15" covered="0" />
        <counter type="LINE" missed="11" covered="0" />
        <counter type="METHOD" missed="1" covered="0" />
      </method>
      <method name="Get-PoshAcmeStatus" desc="()" line="326">
        <counter type="INSTRUCTION" missed="8" covered="0" />
        <counter type="LINE" missed="6" covered="0" />
        <counter type="METHOD" missed="1" covered="0" />
      </method>
      <counter type="INSTRUCTION" missed="146" covered="17" />
      <counter type="LINE" missed="118" covered="15" />
      <counter type="METHOD" missed="7" covered="2" />
      <counter type="CLASS" missed="0" covered="1" />
    </class>
    <class name="autocert/Core/Logging" sourcefilename="Core/Logging.ps1">
      <method name="&lt;script&gt;" desc="()" line="7">
        <counter type="INSTRUCTION" missed="0" covered="3" />
        <counter type="LINE" missed="0" covered="3" />
        <counter type="METHOD" missed="0" covered="1" />
      </method>
      <method name="Write-AutoCertLog" desc="()" line="19">
        <counter type="INSTRUCTION" missed="3" covered="13" />
        <counter type="LINE" missed="2" covered="11" />
        <counter type="METHOD" missed="0" covered="1" />
      </method>
      <counter type="INSTRUCTION" missed="3" covered="16" />
      <counter type="LINE" missed="2" covered="14" />
      <counter type="METHOD" missed="0" covered="2" />
      <counter type="CLASS" missed="0" covered="1" />
    </class>
    <class name="autocert/Core/RenewalConfig" sourcefilename="Core/RenewalConfig.ps1">
      <method name="Write-RenewalError" desc="()" line="20">
        <counter type="INSTRUCTION" missed="4" covered="0" />
        <counter type="LINE" missed="3" covered="0" />
        <counter type="METHOD" missed="1" covered="0" />
      </method>
      <method name="Initialize-ConfigDirectory" desc="()" line="34">
        <counter type="INSTRUCTION" missed="5" covered="0" />
        <counter type="LINE" missed="4" covered="0" />
        <counter type="METHOD" missed="1" covered="0" />
      </method>
      <method name="Get-RenewalConfig" desc="()" line="49">
        <counter type="INSTRUCTION" missed="17" covered="4" />
        <counter type="LINE" missed="14" covered="3" />
        <counter type="METHOD" missed="0" covered="1" />
      </method>
      <method name="Save-RenewalConfig" desc="()" line="86">
        <counter type="INSTRUCTION" missed="8" covered="0" />
        <counter type="LINE" missed="6" covered="0" />
        <counter type="METHOD" missed="1" covered="0" />
      </method>
      <method name="New-RenewalScheduledTask" desc="()" line="106">
        <counter type="INSTRUCTION" missed="32" covered="0" />
        <counter type="LINE" missed="28" covered="0" />
        <counter type="METHOD" missed="1" covered="0" />
      </method>
      <method name="Test-RenewalConfig" desc="()" line="174">
        <counter type="INSTRUCTION" missed="25" covered="0" />
        <counter type="LINE" missed="21" covered="0" />
        <counter type="METHOD" missed="1" covered="0" />
      </method>
      <method name="Get-CertificateRenewalStatus" desc="()" line="213">
        <counter type="INSTRUCTION" missed="22" covered="1" />
        <counter type="LINE" missed="17" covered="1" />
        <counter type="METHOD" missed="1" covered="0" />
      </method>
      <method name="Send-RenewalNotification" desc="()" line="266">
        <counter type="INSTRUCTION" missed="49" covered="0" />
        <counter type="LINE" missed="39" covered="0" />
        <counter type="METHOD" missed="1" covered="0" />
      </method>
      <method name="Set-SmtpConfiguration" desc="()" line="359">
        <counter type="INSTRUCTION" missed="23" covered="0" />
        <counter type="LINE" missed="19" covered="0" />
        <counter type="METHOD" missed="1" covered="0" />
      </method>
      <method name="Get-SmtpConfiguration" desc="()" line="405">
        <counter type="INSTRUCTION" missed="12" covered="0" />
        <counter type="LINE" missed="9" covered="0" />
        <counter type="METHOD" missed="1" covered="0" />
      </method>
      <method name="Test-EmailNotification" desc="()" line="437">
        <counter type="INSTRUCTION" missed="10" covered="0" />
        <counter type="LINE" missed="9" covered="0" />
        <counter type="METHOD" missed="1" covered="0" />
      </method>
      <method name="Send-CertificateNotification" desc="()" line="482">
        <counter type="INSTRUCTION" missed="29" covered="0" />
        <counter type="LINE" missed="28" covered="0" />
        <counter type="METHOD" missed="1" covered="0" />
      </method>
      <counter type="INSTRUCTION" missed="236" covered="5" />
      <counter type="LINE" missed="197" covered="4" />
      <counter type="METHOD" missed="11" covered="1" />
      <counter type="CLASS" missed="1" covered="0" />
    </class>
    <class name="autocert/Core/RenewalOperations" sourcefilename="Core/RenewalOperations.ps1">
      <method name="Invoke-AutomaticRenewal" desc="()" line="25">
        <counter type="INSTRUCTION" missed="92" covered="0" />
        <counter type="LINE" missed="75" covered="0" />
        <counter type="METHOD" missed="1" covered="0" />
      </method>
      <method name="Send-RenewalSummaryEmail" desc="()" line="200">
        <counter type="INSTRUCTION" missed="8" covered="0" />
        <counter type="LINE" missed="7" covered="0" />
        <counter type="METHOD" missed="1" covered="0" />
      </method>
      <counter type="INSTRUCTION" missed="100" covered="0" />
      <counter type="LINE" missed="82" covered="0" />
      <counter type="METHOD" missed="2" covered="0" />
      <counter type="CLASS" missed="1" covered="0" />
    </class>
    <class name="autocert/Core/SystemDiagnostics" sourcefilename="Core/SystemDiagnostics.ps1">
      <method name="Test-SystemHealth" desc="()" line="19">
        <counter type="INSTRUCTION" missed="320" covered="0" />
        <counter type="LINE" missed="223" covered="0" />
        <counter type="METHOD" missed="1" covered="0" />
      </method>
      <method name="Test-SystemConfiguration" desc="()" line="476">
        <counter type="INSTRUCTION" missed="47" covered="0" />
        <counter type="LINE" missed="34" covered="0" />
        <counter type="METHOD" missed="1" covered="0" />
      </method>
      <counter type="INSTRUCTION" missed="367" covered="0" />
      <counter type="LINE" missed="257" covered="0" />
      <counter type="METHOD" missed="2" covered="0" />
      <counter type="CLASS" missed="1" covered="0" />
    </class>
    <class name="autocert/Core/SystemInitialization" sourcefilename="Core/SystemInitialization.ps1">
      <method name="Initialize-ScriptModule" desc="()" line="26">
        <counter type="INSTRUCTION" missed="184" covered="0" />
        <counter type="LINE" missed="109" covered="0" />
        <counter type="METHOD" missed="1" covered="0" />
      </method>
      <counter type="INSTRUCTION" missed="184" covered="0" />
      <counter type="LINE" missed="109" covered="0" />
      <counter type="METHOD" missed="1" covered="0" />
      <counter type="CLASS" missed="1" covered="0" />
    </class>
    <sourcefile name="Core/ConfigurationManager.ps1">
      <line nr="16" mi="2" ci="0" mb="0" cb="0" />
      <line nr="17" mi="2" ci="0" mb="0" cb="0" />
      <line nr="33" mi="2" ci="0" mb="0" cb="0" />
      <line nr="34" mi="1" ci="0" mb="0" cb="0" />
      <line nr="46" mi="1" ci="0" mb="0" cb="0" />
      <line nr="47" mi="2" ci="0" mb="0" cb="0" />
      <line nr="48" mi="1" ci="0" mb="0" cb="0" />
      <line nr="49" mi="1" ci="0" mb="0" cb="0" />
      <line nr="50" mi="1" ci="0" mb="0" cb="0" />
      <line nr="52" mi="1" ci="0" mb="0" cb="0" />
      <line nr="53" mi="2" ci="0" mb="0" cb="0" />
      <line nr="54" mi="1" ci="0" mb="0" cb="0" />
      <line nr="55" mi="1" ci="0" mb="0" cb="0" />
      <line nr="58" mi="1" ci="0" mb="0" cb="0" />
      <line nr="62" mi="1" ci="0" mb="0" cb="0" />
      <line nr="64" mi="1" ci="0" mb="0" cb="0" />
      <line nr="71" mi="1" ci="0" mb="0" cb="0" />
      <line nr="72" mi="1" ci="0" mb="0" cb="0" />
      <line nr="73" mi="1" ci="0" mb="0" cb="0" />
      <line nr="74" mi="1" ci="0" mb="0" cb="0" />
      <line nr="80" mi="1" ci="0" mb="0" cb="0" />
      <line nr="81" mi="1" ci="0" mb="0" cb="0" />
      <line nr="82" mi="1" ci="0" mb="0" cb="0" />
      <line nr="83" mi="1" ci="0" mb="0" cb="0" />
      <line nr="84" mi="1" ci="0" mb="0" cb="0" />
      <line nr="85" mi="1" ci="0" mb="0" cb="0" />
      <line nr="86" mi="1" ci="0" mb="0" cb="0" />
      <line nr="87" mi="1" ci="0" mb="0" cb="0" />
      <line nr="88" mi="1" ci="0" mb="0" cb="0" />
      <line nr="89" mi="1" ci="0" mb="0" cb="0" />
      <line nr="90" mi="1" ci="0" mb="0" cb="0" />
      <line nr="91" mi="1" ci="0" mb="0" cb="0" />
      <line nr="92" mi="1" ci="0" mb="0" cb="0" />
      <line nr="93" mi="1" ci="0" mb="0" cb="0" />
      <line nr="95" mi="1" ci="0" mb="0" cb="0" />
      <line nr="96" mi="4" ci="0" mb="0" cb="0" />
      <line nr="97" mi="4" ci="0" mb="0" cb="0" />
      <line nr="98" mi="4" ci="0" mb="0" cb="0" />
      <line nr="99" mi="4" ci="0" mb="0" cb="0" />
      <line nr="100" mi="4" ci="0" mb="0" cb="0" />
      <line nr="111" mi="1" ci="0" mb="0" cb="0" />
      <line nr="112" mi="1" ci="0" mb="0" cb="0" />
      <line nr="114" mi="1" ci="0" mb="0" cb="0" />
      <line nr="115" mi="1" ci="0" mb="0" cb="0" />
      <line nr="116" mi="1" ci="0" mb="0" cb="0" />
      <line nr="120" mi="1" ci="0" mb="0" cb="0" />
      <line nr="121" mi="1" ci="0" mb="0" cb="0" />
      <line nr="122" mi="1" ci="0" mb="0" cb="0" />
      <line nr="123" mi="1" ci="0" mb="0" cb="0" />
      <line nr="126" mi="1" ci="0" mb="0" cb="0" />
      <line nr="127" mi="1" ci="0" mb="0" cb="0" />
      <line nr="128" mi="1" ci="0" mb="0" cb="0" />
      <line nr="129" mi="1" ci="0" mb="0" cb="0" />
      <line nr="130" mi="1" ci="0" mb="0" cb="0" />
      <line nr="131" mi="1" ci="0" mb="0" cb="0" />
      <line nr="134" mi="1" ci="0" mb="0" cb="0" />
      <line nr="135" mi="3" ci="0" mb="0" cb="0" />
      <line nr="141" mi="1" ci="0" mb="0" cb="0" />
      <line nr="142" mi="2" ci="0" mb="0" cb="0" />
      <line nr="144" mi="1" ci="0" mb="0" cb="0" />
      <line nr="145" mi="2" ci="0" mb="0" cb="0" />
      <line nr="149" mi="1" ci="0" mb="0" cb="0" />
      <line nr="150" mi="1" ci="0" mb="0" cb="0" />
      <line nr="151" mi="1" ci="0" mb="0" cb="0" />
      <line nr="161" mi="1" ci="0" mb="0" cb="0" />
      <line nr="163" mi="1" ci="0" mb="0" cb="0" />
      <line nr="164" mi="1" ci="0" mb="0" cb="0" />
      <line nr="165" mi="1" ci="0" mb="0" cb="0" />
      <line nr="166" mi="3" ci="0" mb="0" cb="0" />
      <line nr="167" mi="1" ci="0" mb="0" cb="0" />
      <line nr="168" mi="1" ci="0" mb="0" cb="0" />
      <line nr="171" mi="1" ci="0" mb="0" cb="0" />
      <line nr="183" mi="2" ci="0" mb="0" cb="0" />
      <line nr="184" mi="1" ci="0" mb="0" cb="0" />
      <line nr="188" mi="1" ci="0" mb="0" cb="0" />
      <line nr="189" mi="1" ci="0" mb="0" cb="0" />
      <line nr="190" mi="1" ci="0" mb="0" cb="0" />
      <line nr="191" mi="1" ci="0" mb="0" cb="0" />
      <line nr="192" mi="1" ci="0" mb="0" cb="0" />
      <line nr="193" mi="2" ci="0" mb="0" cb="0" />
      <line nr="195" mi="1" ci="0" mb="0" cb="0" />
      <line nr="196" mi="1" ci="0" mb="0" cb="0" />
      <line nr="197" mi="1" ci="0" mb="0" cb="0" />
      <line nr="200" mi="1" ci="0" mb="0" cb="0" />
      <line nr="210" mi="1" ci="0" mb="0" cb="0" />
      <line nr="211" mi="2" ci="0" mb="0" cb="0" />
      <line nr="212" mi="1" ci="0" mb="0" cb="0" />
      <line nr="214" mi="1" ci="0" mb="0" cb="0" />
      <line nr="215" mi="1" ci="0" mb="0" cb="0" />
      <line nr="217" mi="1" ci="0" mb="0" cb="0" />
      <line nr="218" mi="1" ci="0" mb="0" cb="0" />
      <line nr="219" mi="1" ci="0" mb="0" cb="0" />
      <line nr="220" mi="1" ci="0" mb="0" cb="0" />
      <line nr="221" mi="1" ci="0" mb="0" cb="0" />
      <counter type="INSTRUCTION" missed="123" covered="0" />
      <counter type="LINE" missed="94" covered="0" />
      <counter type="METHOD" missed="8" covered="0" />
      <counter type="CLASS" missed="1" covered="0" />
    </sourcefile>
    <sourcefile name="Core/ErrorHandlingHelpers.ps1">
      <line nr="59" mi="1" ci="0" mb="0" cb="0" />
      <line nr="60" mi="1" ci="0" mb="0" cb="0" />
      <line nr="61" mi="1" ci="0" mb="0" cb="0" />
      <line nr="62" mi="1" ci="0" mb="0" cb="0" />
      <line nr="63" mi="1" ci="0" mb="0" cb="0" />
      <line nr="64" mi="1" ci="0" mb="0" cb="0" />
      <line nr="65" mi="3" ci="0" mb="0" cb="0" />
      <line nr="66" mi="3" ci="0" mb="0" cb="0" />
      <line nr="67" mi="3" ci="0" mb="0" cb="0" />
      <line nr="71" mi="1" ci="0" mb="0" cb="0" />
      <line nr="72" mi="1" ci="0" mb="0" cb="0" />
      <line nr="73" mi="3" ci="0" mb="0" cb="0" />
      <line nr="77" mi="1" ci="0" mb="0" cb="0" />
      <line nr="79" mi="1" ci="0" mb="0" cb="0" />
      <line nr="80" mi="1" ci="0" mb="0" cb="0" />
      <line nr="83" mi="1" ci="0" mb="0" cb="0" />
      <line nr="86" mi="1" ci="0" mb="0" cb="0" />
      <line nr="89" mi="1" ci="0" mb="0" cb="0" />
      <line nr="94" mi="1" ci="0" mb="0" cb="0" />
      <line nr="95" mi="1" ci="0" mb="0" cb="0" />
      <line nr="97" mi="1" ci="0" mb="0" cb="0" />
      <line nr="100" mi="1" ci="0" mb="0" cb="0" />
      <line nr="101" mi="2" ci="0" mb="0" cb="0" />
      <line nr="164" mi="1" ci="0" mb="0" cb="0" />
      <line nr="165" mi="1" ci="0" mb="0" cb="0" />
      <line nr="167" mi="1" ci="0" mb="0" cb="0" />
      <line nr="169" mi="1" ci="0" mb="0" cb="0" />
      <line nr="171" mi="1" ci="0" mb="0" cb="0" />
      <line nr="173" mi="1" ci="0" mb="0" cb="0" />
      <line nr="175" mi="1" ci="0" mb="0" cb="0" />
      <line nr="176" mi="1" ci="0" mb="0" cb="0" />
      <line nr="179" mi="1" ci="0" mb="0" cb="0" />
      <line nr="180" mi="2" ci="0" mb="0" cb="0" />
      <line nr="182" mi="1" ci="0" mb="0" cb="0" />
      <line nr="183" mi="1" ci="0" mb="0" cb="0" />
      <line nr="187" mi="1" ci="0" mb="0" cb="0" />
      <line nr="189" mi="1" ci="0" mb="0" cb="0" />
      <line nr="190" mi="1" ci="0" mb="0" cb="0" />
      <line nr="191" mi="1" ci="0" mb="0" cb="0" />
      <line nr="197" mi="1" ci="0" mb="0" cb="0" />
      <line nr="199" mi="1" ci="0" mb="0" cb="0" />
      <line nr="200" mi="1" ci="0" mb="0" cb="0" />
      <line nr="201" mi="1" ci="0" mb="0" cb="0" />
      <line nr="202" mi="1" ci="0" mb="0" cb="0" />
      <line nr="205" mi="2" ci="0" mb="0" cb="0" />
      <line nr="206" mi="1" ci="0" mb="0" cb="0" />
      <line nr="211" mi="1" ci="0" mb="0" cb="0" />
      <line nr="212" mi="1" ci="0" mb="0" cb="0" />
      <line nr="214" mi="1" ci="0" mb="0" cb="0" />
      <line nr="215" mi="1" ci="0" mb="0" cb="0" />
      <line nr="218" mi="1" ci="0" mb="0" cb="0" />
      <line nr="238" mi="1" ci="0" mb="0" cb="0" />
      <line nr="239" mi="1" ci="0" mb="0" cb="0" />
      <line nr="240" mi="1" ci="0" mb="0" cb="0" />
      <line nr="241" mi="1" ci="0" mb="0" cb="0" />
      <line nr="242" mi="1" ci="0" mb="0" cb="0" />
      <line nr="243" mi="1" ci="0" mb="0" cb="0" />
      <line nr="244" mi="1" ci="0" mb="0" cb="0" />
      <line nr="245" mi="1" ci="0" mb="0" cb="0" />
      <line nr="246" mi="1" ci="0" mb="0" cb="0" />
      <line nr="249" mi="1" ci="0" mb="0" cb="0" />
      <line nr="250" mi="1" ci="0" mb="0" cb="0" />
      <line nr="251" mi="1" ci="0" mb="0" cb="0" />
      <line nr="254" mi="1" ci="0" mb="0" cb="0" />
      <line nr="257" mi="2" ci="0" mb="0" cb="0" />
      <line nr="258" mi="3" ci="0" mb="0" cb="0" />
      <line nr="259" mi="1" ci="0" mb="0" cb="0" />
      <line nr="262" mi="4" ci="0" mb="0" cb="0" />
      <line nr="265" mi="2" ci="0" mb="0" cb="0" />
      <line nr="266" mi="1" ci="0" mb="0" cb="0" />
      <line nr="267" mi="1" ci="0" mb="0" cb="0" />
      <line nr="268" mi="1" ci="0" mb="0" cb="0" />
      <line nr="269" mi="4" ci="0" mb="0" cb="0" />
      <line nr="270" mi="4" ci="0" mb="0" cb="0" />
      <line nr="275" mi="2" ci="0" mb="0" cb="0" />
      <line nr="276" mi="1" ci="0" mb="0" cb="0" />
      <line nr="277" mi="1" ci="0" mb="0" cb="0" />
      <line nr="281" mi="1" ci="0" mb="0" cb="0" />
      <line nr="282" mi="2" ci="0" mb="0" cb="0" />
      <line nr="283" mi="1" ci="0" mb="0" cb="0" />
      <line nr="286" mi="1" ci="0" mb="0" cb="0" />
      <line nr="287" mi="2" ci="0" mb="0" cb="0" />
      <line nr="288" mi="2" ci="0" mb="0" cb="0" />
      <line nr="292" mi="1" ci="0" mb="0" cb="0" />
      <line nr="293" mi="1" ci="0" mb="0" cb="0" />
      <line nr="294" mi="1" ci="0" mb="0" cb="0" />
      <line nr="295" mi="2" ci="0" mb="0" cb="0" />
      <line nr="297" mi="1" ci="0" mb="0" cb="0" />
      <line nr="298" mi="2" ci="0" mb="0" cb="0" />
      <line nr="303" mi="1" ci="0" mb="0" cb="0" />
      <line nr="304" mi="1" ci="0" mb="0" cb="0" />
      <line nr="305" mi="1" ci="0" mb="0" cb="0" />
      <line nr="306" mi="1" ci="0" mb="0" cb="0" />
      <line nr="310" mi="1" ci="0" mb="0" cb="0" />
      <line nr="350" mi="1" ci="0" mb="0" cb="0" />
      <line nr="351" mi="1" ci="0" mb="0" cb="0" />
      <line nr="354" mi="1" ci="0" mb="0" cb="0" />
      <line nr="356" mi="1" ci="0" mb="0" cb="0" />
      <line nr="357" mi="3" ci="0" mb="0" cb="0" />
      <line nr="360" mi="1" ci="0" mb="0" cb="0" />
      <line nr="361" mi="3" ci="0" mb="0" cb="0" />
      <line nr="364" mi="1" ci="0" mb="0" cb="0" />
      <line nr="365" mi="3" ci="0" mb="0" cb="0" />
      <line nr="368" mi="1" ci="0" mb="0" cb="0" />
      <line nr="369" mi="2" ci="0" mb="0" cb="0" />
      <line nr="370" mi="3" ci="0" mb="0" cb="0" />
      <line nr="373" mi="2" ci="0" mb="0" cb="0" />
      <line nr="401" mi="1" ci="0" mb="0" cb="0" />
      <line nr="402" mi="1" ci="0" mb="0" cb="0" />
      <line nr="406" mi="1" ci="0" mb="0" cb="0" />
      <line nr="408" mi="1" ci="0" mb="0" cb="0" />
      <line nr="409" mi="1" ci="0" mb="0" cb="0" />
      <line nr="410" mi="3" ci="0" mb="0" cb="0" />
      <line nr="411" mi="1" ci="0" mb="0" cb="0" />
      <line nr="412" mi="2" ci="0" mb="0" cb="0" />
      <line nr="415" mi="1" ci="0" mb="0" cb="0" />
      <line nr="416" mi="1" ci="0" mb="0" cb="0" />
      <line nr="417" mi="2" ci="0" mb="0" cb="0" />
      <line nr="418" mi="3" ci="0" mb="0" cb="0" />
      <line nr="419" mi="1" ci="0" mb="0" cb="0" />
      <line nr="420" mi="2" ci="0" mb="0" cb="0" />
      <line nr="424" mi="1" ci="0" mb="0" cb="0" />
      <line nr="425" mi="1" ci="0" mb="0" cb="0" />
      <line nr="426" mi="1" ci="0" mb="0" cb="0" />
      <line nr="432" mi="1" ci="0" mb="0" cb="0" />
      <counter type="INSTRUCTION" missed="172" covered="0" />
      <counter type="LINE" missed="125" covered="0" />
      <counter type="METHOD" missed="6" covered="0" />
      <counter type="CLASS" missed="1" covered="0" />
    </sourcefile>
    <sourcefile name="Core/Helpers.ps1">
      <line nr="22" mi="0" ci="1" mb="0" cb="0" />
      <line nr="24" mi="0" ci="1" mb="0" cb="0" />
      <line nr="25" mi="0" ci="1" mb="0" cb="0" />
      <line nr="26" mi="0" ci="1" mb="0" cb="0" />
      <line nr="27" mi="0" ci="1" mb="0" cb="0" />
      <line nr="29" mi="0" ci="1" mb="0" cb="0" />
      <line nr="30" mi="0" ci="1" mb="0" cb="0" />
      <line nr="31" mi="0" ci="1" mb="0" cb="0" />
      <line nr="32" mi="0" ci="1" mb="0" cb="0" />
      <line nr="34" mi="1" ci="0" mb="0" cb="0" />
      <line nr="37" mi="0" ci="2" mb="0" cb="0" />
      <line nr="39" mi="0" ci="1" mb="0" cb="0" />
      <line nr="40" mi="0" ci="1" mb="0" cb="0" />
      <line nr="41" mi="1" ci="0" mb="0" cb="0" />
      <line nr="43" mi="0" ci="1" mb="0" cb="0" />
      <line nr="44" mi="0" ci="1" mb="0" cb="0" />
      <line nr="45" mi="0" ci="1" mb="0" cb="0" />
      <line nr="46" mi="0" ci="1" mb="0" cb="0" />
      <line nr="66" mi="0" ci="1" mb="0" cb="0" />
      <line nr="67" mi="2" ci="0" mb="0" cb="0" />
      <line nr="69" mi="0" ci="1" mb="0" cb="0" />
      <line nr="81" mi="1" ci="0" mb="0" cb="0" />
      <line nr="82" mi="1" ci="0" mb="0" cb="0" />
      <line nr="83" mi="1" ci="0" mb="0" cb="0" />
      <line nr="84" mi="1" ci="0" mb="0" cb="0" />
      <line nr="85" mi="1" ci="0" mb="0" cb="0" />
      <line nr="86" mi="1" ci="0" mb="0" cb="0" />
      <line nr="88" mi="3" ci="0" mb="0" cb="0" />
      <line nr="89" mi="1" ci="0" mb="0" cb="0" />
      <line nr="105" mi="1" ci="0" mb="0" cb="0" />
      <line nr="106" mi="1" ci="0" mb="0" cb="0" />
      <line nr="107" mi="1" ci="0" mb="0" cb="0" />
      <line nr="110" mi="1" ci="0" mb="0" cb="0" />
      <line nr="111" mi="1" ci="0" mb="0" cb="0" />
      <line nr="112" mi="1" ci="0" mb="0" cb="0" />
      <line nr="113" mi="1" ci="0" mb="0" cb="0" />
      <line nr="116" mi="2" ci="0" mb="0" cb="0" />
      <line nr="117" mi="1" ci="0" mb="0" cb="0" />
      <line nr="118" mi="1" ci="0" mb="0" cb="0" />
      <line nr="121" mi="2" ci="0" mb="0" cb="0" />
      <line nr="122" mi="1" ci="0" mb="0" cb="0" />
      <line nr="123" mi="1" ci="0" mb="0" cb="0" />
      <line nr="126" mi="3" ci="0" mb="0" cb="0" />
      <line nr="127" mi="1" ci="0" mb="0" cb="0" />
      <line nr="128" mi="1" ci="0" mb="0" cb="0" />
      <line nr="131" mi="3" ci="0" mb="0" cb="0" />
      <line nr="132" mi="1" ci="0" mb="0" cb="0" />
      <line nr="133" mi="1" ci="0" mb="0" cb="0" />
      <line nr="136" mi="1" ci="0" mb="0" cb="0" />
      <line nr="137" mi="3" ci="0" mb="0" cb="0" />
      <line nr="138" mi="1" ci="0" mb="0" cb="0" />
      <line nr="140" mi="1" ci="0" mb="0" cb="0" />
      <line nr="141" mi="1" ci="0" mb="0" cb="0" />
      <line nr="143" mi="1" ci="0" mb="0" cb="0" />
      <line nr="144" mi="1" ci="0" mb="0" cb="0" />
      <line nr="147" mi="1" ci="0" mb="0" cb="0" />
      <line nr="149" mi="2" ci="0" mb="0" cb="0" />
      <line nr="150" mi="1" ci="0" mb="0" cb="0" />
      <line nr="159" mi="0" ci="1" mb="0" cb="0" />
      <line nr="160" mi="0" ci="1" mb="0" cb="0" />
      <line nr="161" mi="0" ci="1" mb="0" cb="0" />
      <line nr="163" mi="0" ci="1" mb="0" cb="0" />
      <line nr="164" mi="0" ci="1" mb="0" cb="0" />
      <line nr="165" mi="0" ci="1" mb="0" cb="0" />
      <line nr="167" mi="0" ci="1" mb="0" cb="0" />
      <line nr="175" mi="0" ci="1" mb="0" cb="0" />
      <line nr="176" mi="0" ci="1" mb="0" cb="0" />
      <line nr="177" mi="0" ci="1" mb="0" cb="0" />
      <line nr="179" mi="0" ci="1" mb="0" cb="0" />
      <line nr="180" mi="0" ci="1" mb="0" cb="0" />
      <line nr="181" mi="0" ci="1" mb="0" cb="0" />
      <line nr="183" mi="0" ci="1" mb="0" cb="0" />
      <line nr="194" mi="1" ci="0" mb="0" cb="0" />
      <line nr="195" mi="1" ci="0" mb="0" cb="0" />
      <line nr="196" mi="1" ci="0" mb="0" cb="0" />
      <line nr="198" mi="1" ci="0" mb="0" cb="0" />
      <line nr="199" mi="1" ci="0" mb="0" cb="0" />
      <line nr="200" mi="1" ci="0" mb="0" cb="0" />
      <line nr="201" mi="1" ci="0" mb="0" cb="0" />
      <line nr="203" mi="1" ci="0" mb="0" cb="0" />
      <line nr="204" mi="1" ci="0" mb="0" cb="0" />
      <line nr="205" mi="1" ci="0" mb="0" cb="0" />
      <line nr="208" mi="1" ci="0" mb="0" cb="0" />
      <line nr="209" mi="1" ci="0" mb="0" cb="0" />
      <line nr="210" mi="1" ci="0" mb="0" cb="0" />
      <line nr="212" mi="1" ci="0" mb="0" cb="0" />
      <line nr="213" mi="1" ci="0" mb="0" cb="0" />
      <line nr="214" mi="1" ci="0" mb="0" cb="0" />
      <line nr="215" mi="1" ci="0" mb="0" cb="0" />
      <line nr="216" mi="1" ci="0" mb="0" cb="0" />
      <line nr="217" mi="2" ci="0" mb="0" cb="0" />
      <line nr="218" mi="1" ci="0" mb="0" cb="0" />
      <line nr="222" mi="1" ci="0" mb="0" cb="0" />
      <line nr="233" mi="1" ci="0" mb="0" cb="0" />
      <line nr="235" mi="2" ci="0" mb="0" cb="0" />
      <line nr="236" mi="1" ci="0" mb="0" cb="0" />
      <line nr="238" mi="2" ci="0" mb="0" cb="0" />
      <line nr="239" mi="2" ci="0" mb="0" cb="0" />
      <line nr="243" mi="1" ci="0" mb="0" cb="0" />
      <line nr="244" mi="1" ci="0" mb="0" cb="0" />
      <line nr="245" mi="1" ci="0" mb="0" cb="0" />
      <line nr="246" mi="1" ci="0" mb="0" cb="0" />
      <line nr="247" mi="1" ci="0" mb="0" cb="0" />
      <line nr="248" mi="1" ci="0" mb="0" cb="0" />
      <line nr="249" mi="1" ci="0" mb="0" cb="0" />
      <line nr="250" mi="1" ci="0" mb="0" cb="0" />
      <line nr="251" mi="1" ci="0" mb="0" cb="0" />
      <line nr="252" mi="1" ci="0" mb="0" cb="0" />
      <line nr="253" mi="1" ci="0" mb="0" cb="0" />
      <line nr="254" mi="1" ci="0" mb="0" cb="0" />
      <line nr="268" mi="1" ci="0" mb="0" cb="0" />
      <line nr="269" mi="2" ci="0" mb="0" cb="0" />
      <line nr="270" mi="2" ci="0" mb="0" cb="0" />
      <line nr="272" mi="3" ci="0" mb="0" cb="0" />
      <line nr="273" mi="1" ci="0" mb="0" cb="0" />
      <line nr="275" mi="2" ci="0" mb="0" cb="0" />
      <line nr="276" mi="2" ci="0" mb="0" cb="0" />
      <line nr="277" mi="1" ci="0" mb="0" cb="0" />
      <line nr="289" mi="1" ci="0" mb="0" cb="0" />
      <line nr="290" mi="2" ci="0" mb="0" cb="0" />
      <line nr="291" mi="2" ci="0" mb="0" cb="0" />
      <line nr="293" mi="1" ci="0" mb="0" cb="0" />
      <line nr="295" mi="1" ci="0" mb="0" cb="0" />
      <line nr="297" mi="2" ci="0" mb="0" cb="0" />
      <line nr="299" mi="2" ci="0" mb="0" cb="0" />
      <line nr="300" mi="1" ci="0" mb="0" cb="0" />
      <line nr="301" mi="1" ci="0" mb="0" cb="0" />
      <line nr="311" mi="1" ci="0" mb="0" cb="0" />
      <line nr="312" mi="1" ci="0" mb="0" cb="0" />
      <line nr="314" mi="1" ci="0" mb="0" cb="0" />
      <line nr="315" mi="2" ci="0" mb="0" cb="0" />
      <line nr="316" mi="1" ci="0" mb="0" cb="0" />
      <line nr="318" mi="2" ci="0" mb="0" cb="0" />
      <line nr="319" mi="1" ci="0" mb="0" cb="0" />
      <line nr="320" mi="1" ci="0" mb="0" cb="0" />
      <line nr="321" mi="1" ci="0" mb="0" cb="0" />
      <line nr="324" mi="1" ci="0" mb="0" cb="0" />
      <line nr="333" mi="1" ci="0" mb="0" cb="0" />
      <line nr="334" mi="1" ci="0" mb="0" cb="0" />
      <line nr="343" mi="1" ci="0" mb="0" cb="0" />
      <line nr="344" mi="1" ci="0" mb="0" cb="0" />
      <line nr="345" mi="1" ci="0" mb="0" cb="0" />
      <line nr="347" mi="1" ci="0" mb="0" cb="0" />
      <line nr="348" mi="1" ci="0" mb="0" cb="0" />
      <line nr="349" mi="1" ci="0" mb="0" cb="0" />
      <line nr="351" mi="1" ci="0" mb="0" cb="0" />
      <line nr="352" mi="3" ci="0" mb="0" cb="0" />
      <line nr="353" mi="3" ci="0" mb="0" cb="0" />
      <line nr="354" mi="1" ci="0" mb="0" cb="0" />
      <line nr="355" mi="1" ci="0" mb="0" cb="0" />
      <line nr="356" mi="4" ci="0" mb="0" cb="0" />
      <line nr="357" mi="1" ci="0" mb="0" cb="0" />
      <line nr="359" mi="1" ci="0" mb="0" cb="0" />
      <line nr="363" mi="1" ci="0" mb="0" cb="0" />
      <line nr="373" mi="1" ci="0" mb="0" cb="0" />
      <line nr="374" mi="1" ci="0" mb="0" cb="0" />
      <line nr="375" mi="1" ci="0" mb="0" cb="0" />
      <line nr="376" mi="1" ci="0" mb="0" cb="0" />
      <line nr="377" mi="1" ci="0" mb="0" cb="0" />
      <line nr="378" mi="1" ci="0" mb="0" cb="0" />
      <line nr="379" mi="1" ci="0" mb="0" cb="0" />
      <line nr="383" mi="2" ci="0" mb="0" cb="0" />
      <line nr="389" mi="1" ci="0" mb="0" cb="0" />
      <line nr="390" mi="1" ci="0" mb="0" cb="0" />
      <line nr="393" mi="1" ci="0" mb="0" cb="0" />
      <line nr="394" mi="1" ci="0" mb="0" cb="0" />
      <line nr="395" mi="1" ci="0" mb="0" cb="0" />
      <line nr="398" mi="1" ci="0" mb="0" cb="0" />
      <line nr="399" mi="1" ci="0" mb="0" cb="0" />
      <line nr="400" mi="1" ci="0" mb="0" cb="0" />
      <line nr="415" mi="1" ci="0" mb="0" cb="0" />
      <line nr="416" mi="2" ci="0" mb="0" cb="0" />
      <line nr="417" mi="1" ci="0" mb="0" cb="0" />
      <line nr="418" mi="1" ci="0" mb="0" cb="0" />
      <line nr="419" mi="1" ci="0" mb="0" cb="0" />
      <line nr="420" mi="1" ci="0" mb="0" cb="0" />
      <line nr="424" mi="1" ci="0" mb="0" cb="0" />
      <line nr="425" mi="1" ci="0" mb="0" cb="0" />
      <line nr="426" mi="1" ci="0" mb="0" cb="0" />
      <line nr="429" mi="2" ci="0" mb="0" cb="0" />
      <line nr="430" mi="2" ci="0" mb="0" cb="0" />
      <line nr="432" mi="1" ci="0" mb="0" cb="0" />
      <line nr="433" mi="1" ci="0" mb="0" cb="0" />
      <line nr="436" mi="1" ci="0" mb="0" cb="0" />
      <line nr="437" mi="1" ci="0" mb="0" cb="0" />
      <line nr="438" mi="1" ci="0" mb="0" cb="0" />
      <line nr="441" mi="1" ci="0" mb="0" cb="0" />
      <line nr="442" mi="1" ci="0" mb="0" cb="0" />
      <line nr="443" mi="1" ci="0" mb="0" cb="0" />
      <line nr="444" mi="1" ci="0" mb="0" cb="0" />
      <line nr="447" mi="2" ci="0" mb="0" cb="0" />
      <line nr="448" mi="1" ci="0" mb="0" cb="0" />
      <line nr="449" mi="1" ci="0" mb="0" cb="0" />
      <line nr="454" mi="0" ci="1" mb="0" cb="0" />
      <line nr="459" mi="1" ci="0" mb="0" cb="0" />
      <line nr="461" mi="2" ci="0" mb="0" cb="0" />
      <line nr="463" mi="2" ci="0" mb="0" cb="0" />
      <line nr="464" mi="2" ci="0" mb="0" cb="0" />
      <line nr="465" mi="1" ci="0" mb="0" cb="0" />
      <line nr="468" mi="1" ci="0" mb="0" cb="0" />
      <line nr="470" mi="1" ci="0" mb="0" cb="0" />
      <line nr="481" mi="1" ci="0" mb="0" cb="0" />
      <line nr="482" mi="2" ci="0" mb="0" cb="0" />
      <line nr="483" mi="2" ci="0" mb="0" cb="0" />
      <line nr="485" mi="3" ci="0" mb="0" cb="0" />
      <line nr="487" mi="2" ci="0" mb="0" cb="0" />
      <line nr="488" mi="2" ci="0" mb="0" cb="0" />
      <counter type="INSTRUCTION" missed="223" covered="34" />
      <counter type="LINE" missed="174" covered="33" />
      <counter type="METHOD" missed="14" covered="5" />
      <counter type="CLASS" missed="0" covered="1" />
    </sourcefile>
    <sourcefile name="Core/Initialize-PoshAcme.ps1">
      <line nr="15" mi="0" ci="1" mb="0" cb="0" />
      <line nr="16" mi="0" ci="1" mb="0" cb="0" />
      <line nr="21" mi="0" ci="1" mb="0" cb="0" />
      <line nr="22" mi="0" ci="1" mb="0" cb="0" />
      <line nr="26" mi="1" ci="0" mb="0" cb="0" />
      <line nr="27" mi="1" ci="0" mb="0" cb="0" />
      <line nr="28" mi="1" ci="0" mb="0" cb="0" />
      <line nr="29" mi="1" ci="0" mb="0" cb="0" />
      <line nr="35" mi="0" ci="1" mb="0" cb="0" />
      <line nr="36" mi="0" ci="1" mb="0" cb="0" />
      <line nr="47" mi="1" ci="0" mb="0" cb="0" />
      <line nr="48" mi="1" ci="0" mb="0" cb="0" />
      <line nr="49" mi="1" ci="0" mb="0" cb="0" />
      <line nr="50" mi="1" ci="0" mb="0" cb="0" />
      <line nr="51" mi="1" ci="0" mb="0" cb="0" />
      <line nr="55" mi="1" ci="0" mb="0" cb="0" />
      <line nr="56" mi="1" ci="0" mb="0" cb="0" />
      <line nr="57" mi="3" ci="0" mb="0" cb="0" />
      <line nr="58" mi="1" ci="0" mb="0" cb="0" />
      <line nr="59" mi="1" ci="0" mb="0" cb="0" />
      <line nr="60" mi="1" ci="0" mb="0" cb="0" />
      <line nr="61" mi="3" ci="0" mb="0" cb="0" />
      <line nr="64" mi="1" ci="0" mb="0" cb="0" />
      <line nr="68" mi="1" ci="0" mb="0" cb="0" />
      <line nr="69" mi="2" ci="0" mb="0" cb="0" />
      <line nr="72" mi="1" ci="0" mb="0" cb="0" />
      <line nr="85" mi="1" ci="0" mb="0" cb="0" />
      <line nr="86" mi="2" ci="0" mb="0" cb="0" />
      <line nr="87" mi="1" ci="0" mb="0" cb="0" />
      <line nr="88" mi="1" ci="0" mb="0" cb="0" />
      <line nr="92" mi="1" ci="0" mb="0" cb="0" />
      <line nr="93" mi="1" ci="0" mb="0" cb="0" />
      <line nr="94" mi="1" ci="0" mb="0" cb="0" />
      <line nr="95" mi="1" ci="0" mb="0" cb="0" />
      <line nr="96" mi="1" ci="0" mb="0" cb="0" />
      <line nr="97" mi="1" ci="0" mb="0" cb="0" />
      <line nr="100" mi="2" ci="0" mb="0" cb="0" />
      <line nr="101" mi="2" ci="0" mb="0" cb="0" />
      <line nr="102" mi="1" ci="0" mb="0" cb="0" />
      <line nr="115" mi="1" ci="0" mb="0" cb="0" />
      <line nr="116" mi="1" ci="0" mb="0" cb="0" />
      <line nr="118" mi="1" ci="0" mb="0" cb="0" />
      <line nr="121" mi="1" ci="0" mb="0" cb="0" />
      <line nr="122" mi="1" ci="0" mb="0" cb="0" />
      <line nr="123" mi="2" ci="0" mb="0" cb="0" />
      <line nr="124" mi="2" ci="0" mb="0" cb="0" />
      <line nr="125" mi="1" ci="0" mb="0" cb="0" />
      <line nr="128" mi="1" ci="0" mb="0" cb="0" />
      <line nr="132" mi="2" ci="0" mb="0" cb="0" />
      <line nr="133" mi="1" ci="0" mb="0" cb="0" />
      <line nr="134" mi="1" ci="0" mb="0" cb="0" />
      <line nr="135" mi="1" ci="0" mb="0" cb="0" />
      <line nr="155" mi="1" ci="0" mb="0" cb="0" />
      <line nr="156" mi="1" ci="0" mb="0" cb="0" />
      <line nr="158" mi="1" ci="0" mb="0" cb="0" />
      <line nr="161" mi="1" ci="0" mb="0" cb="0" />
      <line nr="162" mi="1" ci="0" mb="0" cb="0" />
      <line nr="163" mi="2" ci="0" mb="0" cb="0" />
      <line nr="164" mi="2" ci="0" mb="0" cb="0" />
      <line nr="167" mi="1" ci="0" mb="0" cb="0" />
      <line nr="168" mi="1" ci="0" mb="0" cb="0" />
      <line nr="171" mi="2" ci="0" mb="0" cb="0" />
      <line nr="175" mi="2" ci="0" mb="0" cb="0" />
      <line nr="176" mi="1" ci="0" mb="0" cb="0" />
      <line nr="177" mi="1" ci="0" mb="0" cb="0" />
      <line nr="178" mi="1" ci="0" mb="0" cb="0" />
      <line nr="194" mi="2" ci="0" mb="0" cb="0" />
      <line nr="195" mi="2" ci="0" mb="0" cb="0" />
      <line nr="196" mi="1" ci="0" mb="0" cb="0" />
      <line nr="200" mi="1" ci="0" mb="0" cb="0" />
      <line nr="201" mi="1" ci="0" mb="0" cb="0" />
      <line nr="202" mi="1" ci="0" mb="0" cb="0" />
      <line nr="205" mi="2" ci="0" mb="0" cb="0" />
      <line nr="206" mi="1" ci="0" mb="0" cb="0" />
      <line nr="207" mi="1" ci="0" mb="0" cb="0" />
      <line nr="212" mi="0" ci="2" mb="0" cb="0" />
      <line nr="214" mi="0" ci="1" mb="0" cb="0" />
      <line nr="215" mi="0" ci="1" mb="0" cb="0" />
      <line nr="218" mi="0" ci="1" mb="0" cb="0" />
      <line nr="219" mi="0" ci="2" mb="0" cb="0" />
      <line nr="220" mi="0" ci="1" mb="0" cb="0" />
      <line nr="221" mi="0" ci="1" mb="0" cb="0" />
      <line nr="222" mi="0" ci="1" mb="0" cb="0" />
      <line nr="223" mi="0" ci="1" mb="0" cb="0" />
      <line nr="226" mi="2" ci="0" mb="0" cb="0" />
      <line nr="227" mi="1" ci="0" mb="0" cb="0" />
      <line nr="228" mi="1" ci="0" mb="0" cb="0" />
      <line nr="229" mi="1" ci="0" mb="0" cb="0" />
      <line nr="234" mi="1" ci="0" mb="0" cb="0" />
      <line nr="236" mi="1" ci="0" mb="0" cb="0" />
      <line nr="238" mi="1" ci="0" mb="0" cb="0" />
      <line nr="240" mi="2" ci="0" mb="0" cb="0" />
      <line nr="241" mi="1" ci="0" mb="0" cb="0" />
      <line nr="243" mi="1" ci="0" mb="0" cb="0" />
      <line nr="247" mi="1" ci="0" mb="0" cb="0" />
      <line nr="248" mi="1" ci="0" mb="0" cb="0" />
      <line nr="249" mi="1" ci="0" mb="0" cb="0" />
      <line nr="250" mi="1" ci="0" mb="0" cb="0" />
      <line nr="252" mi="1" ci="0" mb="0" cb="0" />
      <line nr="253" mi="1" ci="0" mb="0" cb="0" />
      <line nr="254" mi="1" ci="0" mb="0" cb="0" />
      <line nr="256" mi="1" ci="0" mb="0" cb="0" />
      <line nr="257" mi="1" ci="0" mb="0" cb="0" />
      <line nr="258" mi="1" ci="0" mb="0" cb="0" />
      <line nr="262" mi="1" ci="0" mb="0" cb="0" />
      <line nr="263" mi="1" ci="0" mb="0" cb="0" />
      <line nr="268" mi="1" ci="0" mb="0" cb="0" />
      <line nr="269" mi="2" ci="0" mb="0" cb="0" />
      <line nr="270" mi="1" ci="0" mb="0" cb="0" />
      <line nr="271" mi="1" ci="0" mb="0" cb="0" />
      <line nr="272" mi="1" ci="0" mb="0" cb="0" />
      <line nr="273" mi="1" ci="0" mb="0" cb="0" />
      <line nr="276" mi="2" ci="0" mb="0" cb="0" />
      <line nr="277" mi="1" ci="0" mb="0" cb="0" />
      <line nr="278" mi="1" ci="0" mb="0" cb="0" />
      <line nr="279" mi="1" ci="0" mb="0" cb="0" />
      <line nr="294" mi="1" ci="0" mb="0" cb="0" />
      <line nr="295" mi="1" ci="0" mb="0" cb="0" />
      <line nr="300" mi="1" ci="0" mb="0" cb="0" />
      <line nr="301" mi="1" ci="0" mb="0" cb="0" />
      <line nr="302" mi="1" ci="0" mb="0" cb="0" />
      <line nr="303" mi="1" ci="0" mb="0" cb="0" />
      <line nr="304" mi="1" ci="0" mb="0" cb="0" />
      <line nr="307" mi="2" ci="0" mb="0" cb="0" />
      <line nr="308" mi="2" ci="0" mb="0" cb="0" />
      <line nr="312" mi="2" ci="0" mb="0" cb="0" />
      <line nr="313" mi="2" ci="0" mb="0" cb="0" />
      <line nr="326" mi="1" ci="0" mb="0" cb="0" />
      <line nr="327" mi="1" ci="0" mb="0" cb="0" />
      <line nr="328" mi="1" ci="0" mb="0" cb="0" />
      <line nr="329" mi="1" ci="0" mb="0" cb="0" />
      <line nr="330" mi="2" ci="0" mb="0" cb="0" />
      <line nr="331" mi="2" ci="0" mb="0" cb="0" />
      <counter type="INSTRUCTION" missed="146" covered="17" />
      <counter type="LINE" missed="118" covered="15" />
      <counter type="METHOD" missed="7" covered="2" />
      <counter type="CLASS" missed="0" covered="1" />
    </sourcefile>
    <sourcefile name="Core/Logging.ps1">
      <line nr="7" mi="0" ci="1" mb="0" cb="0" />
      <line nr="8" mi="0" ci="1" mb="0" cb="0" />
      <line nr="19" mi="0" ci="1" mb="0" cb="0" />
      <line nr="23" mi="0" ci="1" mb="0" cb="0" />
      <line nr="24" mi="0" ci="1" mb="0" cb="0" />
      <line nr="25" mi="0" ci="1" mb="0" cb="0" />
      <line nr="31" mi="0" ci="1" mb="0" cb="0" />
      <line nr="32" mi="0" ci="1" mb="0" cb="0" />
      <line nr="38" mi="0" ci="1" mb="0" cb="0" />
      <line nr="39" mi="0" ci="2" mb="0" cb="0" />
      <line nr="40" mi="2" ci="0" mb="0" cb="0" />
      <line nr="42" mi="0" ci="1" mb="0" cb="0" />
      <line nr="43" mi="0" ci="1" mb="0" cb="0" />
      <line nr="45" mi="0" ci="2" mb="0" cb="0" />
      <line nr="49" mi="1" ci="0" mb="0" cb="0" />
      <line nr="54" mi="0" ci="1" mb="0" cb="0" />
      <counter type="INSTRUCTION" missed="3" covered="16" />
      <counter type="LINE" missed="2" covered="14" />
      <counter type="METHOD" missed="0" covered="2" />
      <counter type="CLASS" missed="0" covered="1" />
    </sourcefile>
    <sourcefile name="Core/RenewalConfig.ps1">
      <line nr="20" mi="2" ci="0" mb="0" cb="0" />
      <line nr="21" mi="1" ci="0" mb="0" cb="0" />
      <line nr="22" mi="1" ci="0" mb="0" cb="0" />
      <line nr="34" mi="1" ci="0" mb="0" cb="0" />
      <line nr="35" mi="2" ci="0" mb="0" cb="0" />
      <line nr="36" mi="1" ci="0" mb="0" cb="0" />
      <line nr="38" mi="1" ci="0" mb="0" cb="0" />
      <line nr="49" mi="0" ci="1" mb="0" cb="0" />
      <line nr="51" mi="0" ci="2" mb="0" cb="0" />
      <line nr="52" mi="0" ci="1" mb="0" cb="0" />
      <line nr="55" mi="2" ci="0" mb="0" cb="0" />
      <line nr="56" mi="2" ci="0" mb="0" cb="0" />
      <line nr="60" mi="1" ci="0" mb="0" cb="0" />
      <line nr="61" mi="1" ci="0" mb="0" cb="0" />
      <line nr="62" mi="2" ci="0" mb="0" cb="0" />
      <line nr="63" mi="1" ci="0" mb="0" cb="0" />
      <line nr="64" mi="1" ci="0" mb="0" cb="0" />
      <line nr="65" mi="1" ci="0" mb="0" cb="0" />
      <line nr="66" mi="1" ci="0" mb="0" cb="0" />
      <line nr="67" mi="1" ci="0" mb="0" cb="0" />
      <line nr="68" mi="1" ci="0" mb="0" cb="0" />
      <line nr="69" mi="1" ci="0" mb="0" cb="0" />
      <line nr="70" mi="1" ci="0" mb="0" cb="0" />
      <line nr="71" mi="1" ci="0" mb="0" cb="0" />
      <line nr="86" mi="1" ci="0" mb="0" cb="0" />
      <line nr="87" mi="3" ci="0" mb="0" cb="0" />
      <line nr="88" mi="1" ci="0" mb="0" cb="0" />
      <line nr="89" mi="1" ci="0" mb="0" cb="0" />
      <line nr="92" mi="1" ci="0" mb="0" cb="0" />
      <line nr="93" mi="1" ci="0" mb="0" cb="0" />
      <line nr="106" mi="1" ci="0" mb="0" cb="0" />
      <line nr="109" mi="1" ci="0" mb="0" cb="0" />
      <line nr="111" mi="1" ci="0" mb="0" cb="0" />
      <line nr="112" mi="1" ci="0" mb="0" cb="0" />
      <line nr="119" mi="2" ci="0" mb="0" cb="0" />
      <line nr="121" mi="1" ci="0" mb="0" cb="0" />
      <line nr="122" mi="1" ci="0" mb="0" cb="0" />
      <line nr="123" mi="1" ci="0" mb="0" cb="0" />
      <line nr="126" mi="1" ci="0" mb="0" cb="0" />
      <line nr="131" mi="1" ci="0" mb="0" cb="0" />
      <line nr="133" mi="1" ci="0" mb="0" cb="0" />
      <line nr="135" mi="1" ci="0" mb="0" cb="0" />
      <line nr="137" mi="1" ci="0" mb="0" cb="0" />
      <line nr="139" mi="1" ci="0" mb="0" cb="0" />
      <line nr="140" mi="1" ci="0" mb="0" cb="0" />
      <line nr="143" mi="1" ci="0" mb="0" cb="0" />
      <line nr="144" mi="1" ci="0" mb="0" cb="0" />
      <line nr="147" mi="1" ci="0" mb="0" cb="0" />
      <line nr="148" mi="1" ci="0" mb="0" cb="0" />
      <line nr="149" mi="1" ci="0" mb="0" cb="0" />
      <line nr="150" mi="2" ci="0" mb="0" cb="0" />
      <line nr="151" mi="1" ci="0" mb="0" cb="0" />
      <line nr="152" mi="2" ci="0" mb="0" cb="0" />
      <line nr="154" mi="2" ci="0" mb="0" cb="0" />
      <line nr="155" mi="1" ci="0" mb="0" cb="0" />
      <line nr="158" mi="1" ci="0" mb="0" cb="0" />
      <line nr="162" mi="1" ci="0" mb="0" cb="0" />
      <line nr="163" mi="1" ci="0" mb="0" cb="0" />
      <line nr="174" mi="1" ci="0" mb="0" cb="0" />
      <line nr="175" mi="1" ci="0" mb="0" cb="0" />
      <line nr="177" mi="1" ci="0" mb="0" cb="0" />
      <line nr="178" mi="1" ci="0" mb="0" cb="0" />
      <line nr="179" mi="1" ci="0" mb="0" cb="0" />
      <line nr="182" mi="1" ci="0" mb="0" cb="0" />
      <line nr="183" mi="1" ci="0" mb="0" cb="0" />
      <line nr="184" mi="1" ci="0" mb="0" cb="0" />
      <line nr="187" mi="2" ci="0" mb="0" cb="0" />
      <line nr="188" mi="1" ci="0" mb="0" cb="0" />
      <line nr="189" mi="1" ci="0" mb="0" cb="0" />
      <line nr="192" mi="1" ci="0" mb="0" cb="0" />
      <line nr="193" mi="1" ci="0" mb="0" cb="0" />
      <line nr="194" mi="1" ci="0" mb="0" cb="0" />
      <line nr="197" mi="2" ci="0" mb="0" cb="0" />
      <line nr="198" mi="1" ci="0" mb="0" cb="0" />
      <line nr="199" mi="1" ci="0" mb="0" cb="0" />
      <line nr="201" mi="1" ci="0" mb="0" cb="0" />
      <line nr="202" mi="1" ci="0" mb="0" cb="0" />
      <line nr="203" mi="3" ci="0" mb="0" cb="0" />
      <line nr="205" mi="1" ci="0" mb="0" cb="0" />
      <line nr="213" mi="1" ci="0" mb="0" cb="0" />
      <line nr="215" mi="0" ci="1" mb="0" cb="0" />
      <line nr="216" mi="1" ci="0" mb="0" cb="0" />
      <line nr="217" mi="1" ci="0" mb="0" cb="0" />
      <line nr="219" mi="1" ci="0" mb="0" cb="0" />
      <line nr="220" mi="1" ci="0" mb="0" cb="0" />
      <line nr="221" mi="3" ci="0" mb="0" cb="0" />
      <line nr="222" mi="1" ci="0" mb="0" cb="0" />
      <line nr="223" mi="1" ci="0" mb="0" cb="0" />
      <line nr="224" mi="1" ci="0" mb="0" cb="0" />
      <line nr="225" mi="1" ci="0" mb="0" cb="0" />
      <line nr="226" mi="1" ci="0" mb="0" cb="0" />
      <line nr="227" mi="1" ci="0" mb="0" cb="0" />
      <line nr="228" mi="3" ci="0" mb="0" cb="0" />
      <line nr="229" mi="1" ci="0" mb="0" cb="0" />
      <line nr="231" mi="1" ci="0" mb="0" cb="0" />
      <line nr="235" mi="2" ci="0" mb="0" cb="0" />
      <line nr="238" mi="1" ci="0" mb="0" cb="0" />
      <line nr="266" mi="1" ci="0" mb="0" cb="0" />
      <line nr="270" mi="1" ci="0" mb="0" cb="0" />
      <line nr="271" mi="1" ci="0" mb="0" cb="0" />
      <line nr="272" mi="1" ci="0" mb="0" cb="0" />
      <line nr="273" mi="1" ci="0" mb="0" cb="0" />
      <line nr="277" mi="1" ci="0" mb="0" cb="0" />
      <line nr="278" mi="1" ci="0" mb="0" cb="0" />
      <line nr="279" mi="1" ci="0" mb="0" cb="0" />
      <line nr="280" mi="1" ci="0" mb="0" cb="0" />
      <line nr="284" mi="3" ci="0" mb="0" cb="0" />
      <line nr="285" mi="3" ci="0" mb="0" cb="0" />
      <line nr="286" mi="3" ci="0" mb="0" cb="0" />
      <line nr="287" mi="3" ci="0" mb="0" cb="0" />
      <line nr="288" mi="3" ci="0" mb="0" cb="0" />
      <line nr="291" mi="1" ci="0" mb="0" cb="0" />
      <line nr="292" mi="1" ci="0" mb="0" cb="0" />
      <line nr="293" mi="1" ci="0" mb="0" cb="0" />
      <line nr="297" mi="1" ci="0" mb="0" cb="0" />
      <line nr="298" mi="1" ci="0" mb="0" cb="0" />
      <line nr="299" mi="1" ci="0" mb="0" cb="0" />
      <line nr="300" mi="1" ci="0" mb="0" cb="0" />
      <line nr="301" mi="1" ci="0" mb="0" cb="0" />
      <line nr="302" mi="1" ci="0" mb="0" cb="0" />
      <line nr="303" mi="1" ci="0" mb="0" cb="0" />
      <line nr="304" mi="1" ci="0" mb="0" cb="0" />
      <line nr="308" mi="1" ci="0" mb="0" cb="0" />
      <line nr="309" mi="1" ci="0" mb="0" cb="0" />
      <line nr="313" mi="1" ci="0" mb="0" cb="0" />
      <line nr="314" mi="1" ci="0" mb="0" cb="0" />
      <line nr="315" mi="1" ci="0" mb="0" cb="0" />
      <line nr="316" mi="1" ci="0" mb="0" cb="0" />
      <line nr="317" mi="1" ci="0" mb="0" cb="0" />
      <line nr="321" mi="1" ci="0" mb="0" cb="0" />
      <line nr="322" mi="1" ci="0" mb="0" cb="0" />
      <line nr="326" mi="1" ci="0" mb="0" cb="0" />
      <line nr="328" mi="1" ci="0" mb="0" cb="0" />
      <line nr="329" mi="1" ci="0" mb="0" cb="0" />
      <line nr="333" mi="1" ci="0" mb="0" cb="0" />
      <line nr="334" mi="1" ci="0" mb="0" cb="0" />
      <line nr="359" mi="1" ci="0" mb="0" cb="0" />
      <line nr="362" mi="1" ci="0" mb="0" cb="0" />
      <line nr="363" mi="1" ci="0" mb="0" cb="0" />
      <line nr="364" mi="1" ci="0" mb="0" cb="0" />
      <line nr="365" mi="1" ci="0" mb="0" cb="0" />
      <line nr="366" mi="1" ci="0" mb="0" cb="0" />
      <line nr="367" mi="2" ci="0" mb="0" cb="0" />
      <line nr="371" mi="1" ci="0" mb="0" cb="0" />
      <line nr="372" mi="1" ci="0" mb="0" cb="0" />
      <line nr="373" mi="2" ci="0" mb="0" cb="0" />
      <line nr="374" mi="1" ci="0" mb="0" cb="0" />
      <line nr="378" mi="1" ci="0" mb="0" cb="0" />
      <line nr="379" mi="3" ci="0" mb="0" cb="0" />
      <line nr="380" mi="1" ci="0" mb="0" cb="0" />
      <line nr="381" mi="1" ci="0" mb="0" cb="0" />
      <line nr="384" mi="1" ci="0" mb="0" cb="0" />
      <line nr="385" mi="1" ci="0" mb="0" cb="0" />
      <line nr="390" mi="1" ci="0" mb="0" cb="0" />
      <line nr="391" mi="1" ci="0" mb="0" cb="0" />
      <line nr="405" mi="2" ci="0" mb="0" cb="0" />
      <line nr="406" mi="1" ci="0" mb="0" cb="0" />
      <line nr="407" mi="1" ci="0" mb="0" cb="0" />
      <line nr="410" mi="2" ci="0" mb="0" cb="0" />
      <line nr="413" mi="2" ci="0" mb="0" cb="0" />
      <line nr="414" mi="1" ci="0" mb="0" cb="0" />
      <line nr="417" mi="1" ci="0" mb="0" cb="0" />
      <line nr="421" mi="1" ci="0" mb="0" cb="0" />
      <line nr="422" mi="1" ci="0" mb="0" cb="0" />
      <line nr="437" mi="2" ci="0" mb="0" cb="0" />
      <line nr="438" mi="1" ci="0" mb="0" cb="0" />
      <line nr="447" mi="1" ci="0" mb="0" cb="0" />
      <line nr="448" mi="1" ci="0" mb="0" cb="0" />
      <line nr="453" mi="1" ci="0" mb="0" cb="0" />
      <line nr="455" mi="1" ci="0" mb="0" cb="0" />
      <line nr="456" mi="1" ci="0" mb="0" cb="0" />
      <line nr="459" mi="1" ci="0" mb="0" cb="0" />
      <line nr="462" mi="1" ci="0" mb="0" cb="0" />
      <line nr="482" mi="2" ci="0" mb="0" cb="0" />
      <line nr="483" mi="1" ci="0" mb="0" cb="0" />
      <line nr="487" mi="1" ci="0" mb="0" cb="0" />
      <line nr="489" mi="1" ci="0" mb="0" cb="0" />
      <line nr="490" mi="1" ci="0" mb="0" cb="0" />
      <line nr="491" mi="1" ci="0" mb="0" cb="0" />
      <line nr="492" mi="1" ci="0" mb="0" cb="0" />
      <line nr="496" mi="1" ci="0" mb="0" cb="0" />
      <line nr="497" mi="1" ci="0" mb="0" cb="0" />
      <line nr="498" mi="1" ci="0" mb="0" cb="0" />
      <line nr="499" mi="1" ci="0" mb="0" cb="0" />
      <line nr="503" mi="1" ci="0" mb="0" cb="0" />
      <line nr="504" mi="1" ci="0" mb="0" cb="0" />
      <line nr="508" mi="1" ci="0" mb="0" cb="0" />
      <line nr="509" mi="1" ci="0" mb="0" cb="0" />
      <line nr="510" mi="1" ci="0" mb="0" cb="0" />
      <line nr="511" mi="1" ci="0" mb="0" cb="0" />
      <line nr="512" mi="1" ci="0" mb="0" cb="0" />
      <line nr="515" mi="1" ci="0" mb="0" cb="0" />
      <line nr="516" mi="1" ci="0" mb="0" cb="0" />
      <line nr="517" mi="1" ci="0" mb="0" cb="0" />
      <line nr="518" mi="1" ci="0" mb="0" cb="0" />
      <line nr="519" mi="1" ci="0" mb="0" cb="0" />
      <line nr="521" mi="1" ci="0" mb="0" cb="0" />
      <line nr="524" mi="1" ci="0" mb="0" cb="0" />
      <line nr="525" mi="1" ci="0" mb="0" cb="0" />
      <line nr="530" mi="1" ci="0" mb="0" cb="0" />
      <line nr="531" mi="1" ci="0" mb="0" cb="0" />
      <counter type="INSTRUCTION" missed="236" covered="5" />
      <counter type="LINE" missed="197" covered="4" />
      <counter type="METHOD" missed="11" covered="1" />
      <counter type="CLASS" missed="1" covered="0" />
    </sourcefile>
    <sourcefile name="Core/RenewalOperations.ps1">
      <line nr="25" mi="1" ci="0" mb="0" cb="0" />
      <line nr="26" mi="1" ci="0" mb="0" cb="0" />
      <line nr="30" mi="1" ci="0" mb="0" cb="0" />
      <line nr="33" mi="1" ci="0" mb="0" cb="0" />
      <line nr="34" mi="1" ci="0" mb="0" cb="0" />
      <line nr="35" mi="1" ci="0" mb="0" cb="0" />
      <line nr="36" mi="1" ci="0" mb="0" cb="0" />
      <line nr="37" mi="1" ci="0" mb="0" cb="0" />
      <line nr="40" mi="2" ci="0" mb="0" cb="0" />
      <line nr="42" mi="1" ci="0" mb="0" cb="0" />
      <line nr="43" mi="1" ci="0" mb="0" cb="0" />
      <line nr="44" mi="1" ci="0" mb="0" cb="0" />
      <line nr="45" mi="1" ci="0" mb="0" cb="0" />
      <line nr="47" mi="1" ci="0" mb="0" cb="0" />
      <line nr="48" mi="1" ci="0" mb="0" cb="0" />
      <line nr="49" mi="1" ci="0" mb="0" cb="0" />
      <line nr="53" mi="1" ci="0" mb="0" cb="0" />
      <line nr="54" mi="3" ci="0" mb="0" cb="0" />
      <line nr="56" mi="1" ci="0" mb="0" cb="0" />
      <line nr="57" mi="1" ci="0" mb="0" cb="0" />
      <line nr="58" mi="1" ci="0" mb="0" cb="0" />
      <line nr="59" mi="1" ci="0" mb="0" cb="0" />
      <line nr="60" mi="1" ci="0" mb="0" cb="0" />
      <line nr="61" mi="1" ci="0" mb="0" cb="0" />
      <line nr="64" mi="1" ci="0" mb="0" cb="0" />
      <line nr="65" mi="1" ci="0" mb="0" cb="0" />
      <line nr="68" mi="1" ci="0" mb="0" cb="0" />
      <line nr="69" mi="1" ci="0" mb="0" cb="0" />
      <line nr="72" mi="1" ci="0" mb="0" cb="0" />
      <line nr="73" mi="1" ci="0" mb="0" cb="0" />
      <line nr="74" mi="1" ci="0" mb="0" cb="0" />
      <line nr="75" mi="1" ci="0" mb="0" cb="0" />
      <line nr="78" mi="1" ci="0" mb="0" cb="0" />
      <line nr="80" mi="1" ci="0" mb="0" cb="0" />
      <line nr="83" mi="1" ci="0" mb="0" cb="0" />
      <line nr="87" mi="1" ci="0" mb="0" cb="0" />
      <line nr="88" mi="1" ci="0" mb="0" cb="0" />
      <line nr="89" mi="1" ci="0" mb="0" cb="0" />
      <line nr="92" mi="1" ci="0" mb="0" cb="0" />
      <line nr="95" mi="2" ci="0" mb="0" cb="0" />
      <line nr="96" mi="1" ci="0" mb="0" cb="0" />
      <line nr="97" mi="1" ci="0" mb="0" cb="0" />
      <line nr="99" mi="1" ci="0" mb="0" cb="0" />
      <line nr="100" mi="1" ci="0" mb="0" cb="0" />
      <line nr="101" mi="1" ci="0" mb="0" cb="0" />
      <line nr="102" mi="1" ci="0" mb="0" cb="0" />
      <line nr="107" mi="1" ci="0" mb="0" cb="0" />
      <line nr="108" mi="1" ci="0" mb="0" cb="0" />
      <line nr="109" mi="1" ci="0" mb="0" cb="0" />
      <line nr="110" mi="2" ci="0" mb="0" cb="0" />
      <line nr="111" mi="1" ci="0" mb="0" cb="0" />
      <line nr="112" mi="1" ci="0" mb="0" cb="0" />
      <line nr="113" mi="1" ci="0" mb="0" cb="0" />
      <line nr="114" mi="2" ci="0" mb="0" cb="0" />
      <line nr="115" mi="3" ci="0" mb="0" cb="0" />
      <line nr="118" mi="1" ci="0" mb="0" cb="0" />
      <line nr="119" mi="1" ci="0" mb="0" cb="0" />
      <line nr="120" mi="1" ci="0" mb="0" cb="0" />
      <line nr="121" mi="3" ci="0" mb="0" cb="0" />
      <line nr="122" mi="1" ci="0" mb="0" cb="0" />
      <line nr="123" mi="2" ci="0" mb="0" cb="0" />
      <line nr="125" mi="1" ci="0" mb="0" cb="0" />
      <line nr="126" mi="2" ci="0" mb="0" cb="0" />
      <line nr="129" mi="1" ci="0" mb="0" cb="0" />
      <line nr="134" mi="2" ci="0" mb="0" cb="0" />
      <line nr="135" mi="1" ci="0" mb="0" cb="0" />
      <line nr="138" mi="1" ci="0" mb="0" cb="0" />
      <line nr="141" mi="4" ci="0" mb="0" cb="0" />
      <line nr="145" mi="2" ci="0" mb="0" cb="0" />
      <line nr="146" mi="1" ci="0" mb="0" cb="0" />
      <line nr="147" mi="1" ci="0" mb="0" cb="0" />
      <line nr="150" mi="1" ci="0" mb="0" cb="0" />
      <line nr="151" mi="1" ci="0" mb="0" cb="0" />
      <line nr="152" mi="1" ci="0" mb="0" cb="0" />
      <line nr="155" mi="1" ci="0" mb="0" cb="0" />
      <line nr="200" mi="1" ci="0" mb="0" cb="0" />
      <line nr="203" mi="1" ci="0" mb="0" cb="0" />
      <line nr="205" mi="1" ci="0" mb="0" cb="0" />
      <line nr="228" mi="1" ci="0" mb="0" cb="0" />
      <line nr="236" mi="1" ci="0" mb="0" cb="0" />
      <line nr="237" mi="2" ci="0" mb="0" cb="0" />
      <line nr="242" mi="1" ci="0" mb="0" cb="0" />
      <counter type="INSTRUCTION" missed="100" covered="0" />
      <counter type="LINE" missed="82" covered="0" />
      <counter type="METHOD" missed="2" covered="0" />
      <counter type="CLASS" missed="1" covered="0" />
    </sourcefile>
    <sourcefile name="Core/SystemDiagnostics.ps1">
      <line nr="19" mi="1" ci="0" mb="0" cb="0" />
      <line nr="20" mi="1" ci="0" mb="0" cb="0" />
      <line nr="21" mi="1" ci="0" mb="0" cb="0" />
      <line nr="22" mi="1" ci="0" mb="0" cb="0" />
      <line nr="24" mi="1" ci="0" mb="0" cb="0" />
      <line nr="25" mi="1" ci="0" mb="0" cb="0" />
      <line nr="27" mi="1" ci="0" mb="0" cb="0" />
      <line nr="28" mi="1" ci="0" mb="0" cb="0" />
      <line nr="31" mi="1" ci="0" mb="0" cb="0" />
      <line nr="32" mi="1" ci="0" mb="0" cb="0" />
      <line nr="33" mi="1" ci="0" mb="0" cb="0" />
      <line nr="34" mi="2" ci="0" mb="0" cb="0" />
      <line nr="35" mi="2" ci="0" mb="0" cb="0" />
      <line nr="37" mi="1" ci="0" mb="0" cb="0" />
      <line nr="38" mi="1" ci="0" mb="0" cb="0" />
      <line nr="40" mi="1" ci="0" mb="0" cb="0" />
      <line nr="41" mi="1" ci="0" mb="0" cb="0" />
      <line nr="44" mi="1" ci="0" mb="0" cb="0" />
      <line nr="47" mi="1" ci="0" mb="0" cb="0" />
      <line nr="49" mi="2" ci="0" mb="0" cb="0" />
      <line nr="50" mi="1" ci="0" mb="0" cb="0" />
      <line nr="51" mi="2" ci="0" mb="0" cb="0" />
      <line nr="52" mi="2" ci="0" mb="0" cb="0" />
      <line nr="55" mi="1" ci="0" mb="0" cb="0" />
      <line nr="56" mi="1" ci="0" mb="0" cb="0" />
      <line nr="60" mi="2" ci="0" mb="0" cb="0" />
      <line nr="61" mi="1" ci="0" mb="0" cb="0" />
      <line nr="62" mi="2" ci="0" mb="0" cb="0" />
      <line nr="66" mi="1" ci="0" mb="0" cb="0" />
      <line nr="70" mi="1" ci="0" mb="0" cb="0" />
      <line nr="74" mi="2" ci="0" mb="0" cb="0" />
      <line nr="77" mi="1" ci="0" mb="0" cb="0" />
      <line nr="80" mi="1" ci="0" mb="0" cb="0" />
      <line nr="81" mi="2" ci="0" mb="0" cb="0" />
      <line nr="82" mi="3" ci="0" mb="0" cb="0" />
      <line nr="84" mi="1" ci="0" mb="0" cb="0" />
      <line nr="85" mi="2" ci="0" mb="0" cb="0" />
      <line nr="86" mi="3" ci="0" mb="0" cb="0" />
      <line nr="89" mi="1" ci="0" mb="0" cb="0" />
      <line nr="92" mi="1" ci="0" mb="0" cb="0" />
      <line nr="94" mi="1" ci="0" mb="0" cb="0" />
      <line nr="95" mi="1" ci="0" mb="0" cb="0" />
      <line nr="96" mi="2" ci="0" mb="0" cb="0" />
      <line nr="97" mi="2" ci="0" mb="0" cb="0" />
      <line nr="100" mi="1" ci="0" mb="0" cb="0" />
      <line nr="101" mi="1" ci="0" mb="0" cb="0" />
      <line nr="102" mi="1" ci="0" mb="0" cb="0" />
      <line nr="105" mi="2" ci="0" mb="0" cb="0" />
      <line nr="106" mi="4" ci="0" mb="0" cb="0" />
      <line nr="109" mi="1" ci="0" mb="0" cb="0" />
      <line nr="113" mi="2" ci="0" mb="0" cb="0" />
      <line nr="116" mi="1" ci="0" mb="0" cb="0" />
      <line nr="119" mi="1" ci="0" mb="0" cb="0" />
      <line nr="121" mi="1" ci="0" mb="0" cb="0" />
      <line nr="122" mi="1" ci="0" mb="0" cb="0" />
      <line nr="123" mi="1" ci="0" mb="0" cb="0" />
      <line nr="124" mi="1" ci="0" mb="0" cb="0" />
      <line nr="126" mi="2" ci="0" mb="0" cb="0" />
      <line nr="128" mi="3" ci="0" mb="0" cb="0" />
      <line nr="129" mi="3" ci="0" mb="0" cb="0" />
      <line nr="131" mi="1" ci="0" mb="0" cb="0" />
      <line nr="132" mi="2" ci="0" mb="0" cb="0" />
      <line nr="133" mi="1" ci="0" mb="0" cb="0" />
      <line nr="134" mi="3" ci="0" mb="0" cb="0" />
      <line nr="135" mi="3" ci="0" mb="0" cb="0" />
      <line nr="139" mi="1" ci="0" mb="0" cb="0" />
      <line nr="140" mi="1" ci="0" mb="0" cb="0" />
      <line nr="141" mi="1" ci="0" mb="0" cb="0" />
      <line nr="142" mi="4" ci="0" mb="0" cb="0" />
      <line nr="143" mi="3" ci="0" mb="0" cb="0" />
      <line nr="145" mi="2" ci="0" mb="0" cb="0" />
      <line nr="148" mi="1" ci="0" mb="0" cb="0" />
      <line nr="149" mi="1" ci="0" mb="0" cb="0" />
      <line nr="153" mi="1" ci="0" mb="0" cb="0" />
      <line nr="154" mi="1" ci="0" mb="0" cb="0" />
      <line nr="156" mi="1" ci="0" mb="0" cb="0" />
      <line nr="157" mi="1" ci="0" mb="0" cb="0" />
      <line nr="158" mi="1" ci="0" mb="0" cb="0" />
      <line nr="162" mi="1" ci="0" mb="0" cb="0" />
      <line nr="166" mi="1" ci="0" mb="0" cb="0" />
      <line nr="167" mi="1" ci="0" mb="0" cb="0" />
      <line nr="172" mi="1" ci="0" mb="0" cb="0" />
      <line nr="176" mi="2" ci="0" mb="0" cb="0" />
      <line nr="179" mi="1" ci="0" mb="0" cb="0" />
      <line nr="182" mi="1" ci="0" mb="0" cb="0" />
      <line nr="184" mi="1" ci="0" mb="0" cb="0" />
      <line nr="185" mi="1" ci="0" mb="0" cb="0" />
      <line nr="186" mi="1" ci="0" mb="0" cb="0" />
      <line nr="189" mi="3" ci="0" mb="0" cb="0" />
      <line nr="190" mi="1" ci="0" mb="0" cb="0" />
      <line nr="191" mi="1" ci="0" mb="0" cb="0" />
      <line nr="194" mi="1" ci="0" mb="0" cb="0" />
      <line nr="196" mi="2" ci="0" mb="0" cb="0" />
      <line nr="197" mi="1" ci="0" mb="0" cb="0" />
      <line nr="198" mi="1" ci="0" mb="0" cb="0" />
      <line nr="201" mi="1" ci="0" mb="0" cb="0" />
      <line nr="205" mi="1" ci="0" mb="0" cb="0" />
      <line nr="209" mi="2" ci="0" mb="0" cb="0" />
      <line nr="211" mi="1" ci="0" mb="0" cb="0" />
      <line nr="212" mi="1" ci="0" mb="0" cb="0" />
      <line nr="213" mi="1" ci="0" mb="0" cb="0" />
      <line nr="217" mi="2" ci="0" mb="0" cb="0" />
      <line nr="218" mi="1" ci="0" mb="0" cb="0" />
      <line nr="219" mi="1" ci="0" mb="0" cb="0" />
      <line nr="220" mi="1" ci="0" mb="0" cb="0" />
      <line nr="223" mi="1" ci="0" mb="0" cb="0" />
      <line nr="227" mi="1" ci="0" mb="0" cb="0" />
      <line nr="230" mi="1" ci="0" mb="0" cb="0" />
      <line nr="235" mi="2" ci="0" mb="0" cb="0" />
      <line nr="238" mi="1" ci="0" mb="0" cb="0" />
      <line nr="241" mi="1" ci="0" mb="0" cb="0" />
      <line nr="243" mi="1" ci="0" mb="0" cb="0" />
      <line nr="244" mi="1" ci="0" mb="0" cb="0" />
      <line nr="245" mi="1" ci="0" mb="0" cb="0" />
      <line nr="246" mi="5" ci="0" mb="0" cb="0" />
      <line nr="247" mi="2" ci="0" mb="0" cb="0" />
      <line nr="248" mi="2" ci="0" mb="0" cb="0" />
      <line nr="249" mi="5" ci="0" mb="0" cb="0" />
      <line nr="251" mi="1" ci="0" mb="0" cb="0" />
      <line nr="252" mi="2" ci="0" mb="0" cb="0" />
      <line nr="255" mi="1" ci="0" mb="0" cb="0" />
      <line nr="257" mi="2" ci="0" mb="0" cb="0" />
      <line nr="261" mi="1" ci="0" mb="0" cb="0" />
      <line nr="262" mi="1" ci="0" mb="0" cb="0" />
[...]
      <line nr="6" mi="1" ci="0" mb="0" cb="0" />
      <line nr="8" mi="1" ci="0" mb="0" cb="0" />
      <line nr="10" mi="3" ci="0" mb="0" cb="0" />
      <line nr="11" mi="1" ci="0" mb="0" cb="0" />
      <line nr="12" mi="1" ci="0" mb="0" cb="0" />
      <line nr="15" mi="1" ci="0" mb="0" cb="0" />
      <line nr="16" mi="1" ci="0" mb="0" cb="0" />
      <line nr="17" mi="1" ci="0" mb="0" cb="0" />
      <line nr="18" mi="2" ci="0" mb="0" cb="0" />
      <line nr="19" mi="1" ci="0" mb="0" cb="0" />
      <line nr="21" mi="2" ci="0" mb="0" cb="0" />
      <line nr="22" mi="1" ci="0" mb="0" cb="0" />
      <line nr="23" mi="1" ci="0" mb="0" cb="0" />
      <line nr="26" mi="1" ci="0" mb="0" cb="0" />
      <line nr="28" mi="1" ci="0" mb="0" cb="0" />
      <line nr="29" mi="2" ci="0" mb="0" cb="0" />
      <line nr="30" mi="1" ci="0" mb="0" cb="0" />
      <line nr="31" mi="1" ci="0" mb="0" cb="0" />
      <line nr="35" mi="1" ci="0" mb="0" cb="0" />
      <line nr="36" mi="2" ci="0" mb="0" cb="0" />
      <line nr="37" mi="1" ci="0" mb="0" cb="0" />
      <line nr="38" mi="1" ci="0" mb="0" cb="0" />
      <line nr="42" mi="3" ci="0" mb="0" cb="0" />
      <line nr="43" mi="1" ci="0" mb="0" cb="0" />
      <line nr="47" mi="1" ci="0" mb="0" cb="0" />
      <line nr="49" mi="1" ci="0" mb="0" cb="0" />
      <line nr="50" mi="1" ci="0" mb="0" cb="0" />
      <line nr="51" mi="2" ci="0" mb="0" cb="0" />
      <line nr="52" mi="2" ci="0" mb="0" cb="0" />
      <line nr="54" mi="1" ci="0" mb="0" cb="0" />
      <line nr="56" mi="1" ci="0" mb="0" cb="0" />
      <line nr="57" mi="1" ci="0" mb="0" cb="0" />
      <line nr="58" mi="1" ci="0" mb="0" cb="0" />
      <line nr="59" mi="1" ci="0" mb="0" cb="0" />
      <line nr="61" mi="2" ci="0" mb="0" cb="0" />
      <line nr="62" mi="2" ci="0" mb="0" cb="0" />
      <counter type="INSTRUCTION" missed="48" covered="0" />
      <counter type="LINE" missed="36" covered="0" />
      <counter type="METHOD" missed="1" covered="0" />
      <counter type="CLASS" missed="1" covered="0" />
    </sourcefile>
    <sourcefile name="Public/Set-AutomaticRenewal.ps1">
      <line nr="13" mi="1" ci="0" mb="0" cb="0" />
      <line nr="15" mi="1" ci="0" mb="0" cb="0" />
      <line nr="16" mi="1" ci="0" mb="0" cb="0" />
      <line nr="17" mi="1" ci="0" mb="0" cb="0" />
      <line nr="18" mi="1" ci="0" mb="0" cb="0" />
      <line nr="19" mi="3" ci="0" mb="0" cb="0" />
      <line nr="20" mi="2" ci="0" mb="0" cb="0" />
      <line nr="21" mi="1" ci="0" mb="0" cb="0" />
      <line nr="22" mi="2" ci="0" mb="0" cb="0" />
      <line nr="24" mi="2" ci="0" mb="0" cb="0" />
      <line nr="25" mi="2" ci="0" mb="0" cb="0" />
      <line nr="26" mi="2" ci="0" mb="0" cb="0" />
      <line nr="27" mi="2" ci="0" mb="0" cb="0" />
      <line nr="28" mi="1" ci="0" mb="0" cb="0" />
      <line nr="29" mi="2" ci="0" mb="0" cb="0" />
      <line nr="31" mi="1" ci="0" mb="0" cb="0" />
      <line nr="32" mi="1" ci="0" mb="0" cb="0" />
      <line nr="33" mi="1" ci="0" mb="0" cb="0" />
      <line nr="34" mi="1" ci="0" mb="0" cb="0" />
      <line nr="35" mi="1" ci="0" mb="0" cb="0" />
      <line nr="36" mi="1" ci="0" mb="0" cb="0" />
      <line nr="37" mi="1" ci="0" mb="0" cb="0" />
      <line nr="38" mi="1" ci="0" mb="0" cb="0" />
      <line nr="39" mi="1" ci="0" mb="0" cb="0" />
      <line nr="40" mi="1" ci="0" mb="0" cb="0" />
      <line nr="41" mi="1" ci="0" mb="0" cb="0" />
      <line nr="42" mi="1" ci="0" mb="0" cb="0" />
      <line nr="43" mi="1" ci="0" mb="0" cb="0" />
      <line nr="44" mi="2" ci="0" mb="0" cb="0" />
      <line nr="45" mi="1" ci="0" mb="0" cb="0" />
      <line nr="49" mi="3" ci="0" mb="0" cb="0" />
      <line nr="51" mi="2" ci="0" mb="0" cb="0" />
      <line nr="52" mi="1" ci="0" mb="0" cb="0" />
      <line nr="53" mi="1" ci="0" mb="0" cb="0" />
      <line nr="56" mi="1" ci="0" mb="0" cb="0" />
      <line nr="57" mi="1" ci="0" mb="0" cb="0" />
      <line nr="60" mi="1" ci="0" mb="0" cb="0" />
      <line nr="63" mi="2" ci="0" mb="0" cb="0" />
      <line nr="64" mi="1" ci="0" mb="0" cb="0" />
      <line nr="65" mi="1" ci="0" mb="0" cb="0" />
      <line nr="68" mi="1" ci="0" mb="0" cb="0" />
      <line nr="69" mi="1" ci="0" mb="0" cb="0" />
      <line nr="72" mi="1" ci="0" mb="0" cb="0" />
      <line nr="74" mi="3" ci="0" mb="0" cb="0" />
      <line nr="78" mi="2" ci="0" mb="0" cb="0" />
      <line nr="79" mi="1" ci="0" mb="0" cb="0" />
      <line nr="80" mi="1" ci="0" mb="0" cb="0" />
      <line nr="82" mi="1" ci="0" mb="0" cb="0" />
      <line nr="84" mi="2" ci="0" mb="0" cb="0" />
      <line nr="85" mi="1" ci="0" mb="0" cb="0" />
      <line nr="86" mi="1" ci="0" mb="0" cb="0" />
      <line nr="89" mi="1" ci="0" mb="0" cb="0" />
      <line nr="90" mi="1" ci="0" mb="0" cb="0" />
      <line nr="93" mi="1" ci="0" mb="0" cb="0" />
      <line nr="96" mi="4" ci="0" mb="0" cb="0" />
      <line nr="97" mi="1" ci="0" mb="0" cb="0" />
      <line nr="101" mi="2" ci="0" mb="0" cb="0" />
      <line nr="103" mi="2" ci="0" mb="0" cb="0" />
      <line nr="104" mi="1" ci="0" mb="0" cb="0" />
      <line nr="105" mi="1" ci="0" mb="0" cb="0" />
      <line nr="108" mi="1" ci="0" mb="0" cb="0" />
      <line nr="109" mi="1" ci="0" mb="0" cb="0" />
      <line nr="112" mi="1" ci="0" mb="0" cb="0" />
      <line nr="114" mi="2" ci="0" mb="0" cb="0" />
      <line nr="118" mi="1" ci="0" mb="0" cb="0" />
      <line nr="119" mi="2" ci="0" mb="0" cb="0" />
      <line nr="120" mi="2" ci="0" mb="0" cb="0" />
      <line nr="122" mi="2" ci="0" mb="0" cb="0" />
      <line nr="123" mi="1" ci="0" mb="0" cb="0" />
      <line nr="124" mi="1" ci="0" mb="0" cb="0" />
      <line nr="127" mi="1" ci="0" mb="0" cb="0" />
      <line nr="128" mi="1" ci="0" mb="0" cb="0" />
      <line nr="131" mi="1" ci="0" mb="0" cb="0" />
      <line nr="134" mi="2" ci="0" mb="0" cb="0" />
      <line nr="135" mi="1" ci="0" mb="0" cb="0" />
      <line nr="136" mi="1" ci="0" mb="0" cb="0" />
      <line nr="139" mi="1" ci="0" mb="0" cb="0" />
      <line nr="140" mi="1" ci="0" mb="0" cb="0" />
      <line nr="143" mi="1" ci="0" mb="0" cb="0" />
      <line nr="145" mi="1" ci="0" mb="0" cb="0" />
      <line nr="149" mi="2" ci="0" mb="0" cb="0" />
      <line nr="150" mi="1" ci="0" mb="0" cb="0" />
      <line nr="151" mi="1" ci="0" mb="0" cb="0" />
      <line nr="153" mi="1" ci="0" mb="0" cb="0" />
      <line nr="155" mi="2" ci="0" mb="0" cb="0" />
      <line nr="156" mi="1" ci="0" mb="0" cb="0" />
      <line nr="157" mi="1" ci="0" mb="0" cb="0" />
      <line nr="159" mi="1" ci="0" mb="0" cb="0" />
      <line nr="160" mi="1" ci="0" mb="0" cb="0" />
      <line nr="163" mi="1" ci="0" mb="0" cb="0" />
      <line nr="165" mi="2" ci="0" mb="0" cb="0" />
      <line nr="168" mi="1" ci="0" mb="0" cb="0" />
      <line nr="173" mi="1" ci="0" mb="0" cb="0" />
      <line nr="174" mi="2" ci="0" mb="0" cb="0" />
      <line nr="175" mi="2" ci="0" mb="0" cb="0" />
      <line nr="177" mi="2" ci="0" mb="0" cb="0" />
      <line nr="178" mi="1" ci="0" mb="0" cb="0" />
      <line nr="179" mi="1" ci="0" mb="0" cb="0" />
      <line nr="182" mi="1" ci="0" mb="0" cb="0" />
      <line nr="183" mi="1" ci="0" mb="0" cb="0" />
      <line nr="186" mi="1" ci="0" mb="0" cb="0" />
      <line nr="188" mi="2" ci="0" mb="0" cb="0" />
      <line nr="189" mi="1" ci="0" mb="0" cb="0" />
      <line nr="190" mi="1" ci="0" mb="0" cb="0" />
      <line nr="192" mi="1" ci="0" mb="0" cb="0" />
      <line nr="196" mi="1" ci="0" mb="0" cb="0" />
      <line nr="197" mi="1" ci="0" mb="0" cb="0" />
      <line nr="198" mi="1" ci="0" mb="0" cb="0" />
      <line nr="199" mi="1" ci="0" mb="0" cb="0" />
      <line nr="201" mi="1" ci="0" mb="0" cb="0" />
      <line nr="202" mi="2" ci="0" mb="0" cb="0" />
      <line nr="203" mi="1" ci="0" mb="0" cb="0" />
      <line nr="204" mi="1" ci="0" mb="0" cb="0" />
      <line nr="205" mi="1" ci="0" mb="0" cb="0" />
      <line nr="206" mi="3" ci="0" mb="0" cb="0" />
      <line nr="209" mi="1" ci="0" mb="0" cb="0" />
      <line nr="210" mi="1" ci="0" mb="0" cb="0" />
      <line nr="211" mi="1" ci="0" mb="0" cb="0" />
      <line nr="212" mi="1" ci="0" mb="0" cb="0" />
      <line nr="213" mi="3" ci="0" mb="0" cb="0" />
      <line nr="214" mi="4" ci="0" mb="0" cb="0" />
      <line nr="219" mi="1" ci="0" mb="0" cb="0" />
      <line nr="221" mi="1" ci="0" mb="0" cb="0" />
      <line nr="225" mi="1" ci="0" mb="0" cb="0" />
      <line nr="226" mi="1" ci="0" mb="0" cb="0" />
      <line nr="227" mi="2" ci="0" mb="0" cb="0" />
      <line nr="228" mi="1" ci="0" mb="0" cb="0" />
      <line nr="231" mi="1" ci="0" mb="0" cb="0" />
      <line nr="232" mi="1" ci="0" mb="0" cb="0" />
      <line nr="233" mi="2" ci="0" mb="0" cb="0" />
      <line nr="234" mi="1" ci="0" mb="0" cb="0" />
      <line nr="237" mi="1" ci="0" mb="0" cb="0" />
      <line nr="239" mi="2" ci="0" mb="0" cb="0" />
      <line nr="240" mi="2" ci="0" mb="0" cb="0" />
      <line nr="241" mi="1" ci="0" mb="0" cb="0" />
      <line nr="244" mi="1" ci="0" mb="0" cb="0" />
      <line nr="245" mi="1" ci="0" mb="0" cb="0" />
      <line nr="246" mi="1" ci="0" mb="0" cb="0" />
      <line nr="247" mi="1" ci="0" mb="0" cb="0" />
      <line nr="248" mi="3" ci="0" mb="0" cb="0" />
      <line nr="249" mi="1" ci="0" mb="0" cb="0" />
      <line nr="250" mi="2" ci="0" mb="0" cb="0" />
      <line nr="252" mi="2" ci="0" mb="0" cb="0" />
      <line nr="253" mi="2" ci="0" mb="0" cb="0" />
      <line nr="254" mi="2" ci="0" mb="0" cb="0" />
      <line nr="255" mi="2" ci="0" mb="0" cb="0" />
      <line nr="256" mi="1" ci="0" mb="0" cb="0" />
      <line nr="257" mi="1" ci="0" mb="0" cb="0" />
      <line nr="261" mi="1" ci="0" mb="0" cb="0" />
      <line nr="267" mi="1" ci="0" mb="0" cb="0" />
      <line nr="269" mi="1" ci="0" mb="0" cb="0" />
      <line nr="270" mi="1" ci="0" mb="0" cb="0" />
      <line nr="271" mi="1" ci="0" mb="0" cb="0" />
      <line nr="272" mi="1" ci="0" mb="0" cb="0" />
      <line nr="273" mi="1" ci="0" mb="0" cb="0" />
      <line nr="274" mi="1" ci="0" mb="0" cb="0" />
      <line nr="275" mi="1" ci="0" mb="0" cb="0" />
      <line nr="276" mi="1" ci="0" mb="0" cb="0" />
      <line nr="277" mi="1" ci="0" mb="0" cb="0" />
      <line nr="279" mi="1" ci="0" mb="0" cb="0" />
      <line nr="280" mi="1" ci="0" mb="0" cb="0" />
      <line nr="281" mi="1" ci="0" mb="0" cb="0" />
      <line nr="283" mi="1" ci="0" mb="0" cb="0" />
      <line nr="284" mi="1" ci="0" mb="0" cb="0" />
      <line nr="285" mi="1" ci="0" mb="0" cb="0" />
      <line nr="286" mi="1" ci="0" mb="0" cb="0" />
      <line nr="289" mi="1" ci="0" mb="0" cb="0" />
      <line nr="293" mi="1" ci="0" mb="0" cb="0" />
      <line nr="294" mi="3" ci="0" mb="0" cb="0" />
      <line nr="295" mi="1" ci="0" mb="0" cb="0" />
      <line nr="296" mi="1" ci="0" mb="0" cb="0" />
      <line nr="297" mi="2" ci="0" mb="0" cb="0" />
      <line nr="298" mi="1" ci="0" mb="0" cb="0" />
      <line nr="299" mi="1" ci="0" mb="0" cb="0" />
      <line nr="301" mi="1" ci="0" mb="0" cb="0" />
      <line nr="302" mi="2" ci="0" mb="0" cb="0" />
      <line nr="303" mi="1" ci="0" mb="0" cb="0" />
      <line nr="304" mi="1" ci="0" mb="0" cb="0" />
      <line nr="305" mi="1" ci="0" mb="0" cb="0" />
      <counter type="INSTRUCTION" missed="237" covered="0" />
      <counter type="LINE" missed="179" covered="0" />
      <counter type="METHOD" missed="1" covered="0" />
      <counter type="CLASS" missed="1" covered="0" />
    </sourcefile>
    <sourcefile name="Public/Show-Help.ps1">
      <line nr="20" mi="1" ci="0" mb="0" cb="0" />
      <line nr="21" mi="1" ci="0" mb="0" cb="0" />
      <line nr="22" mi="1" ci="0" mb="0" cb="0" />
      <line nr="23" mi="1" ci="0" mb="0" cb="0" />
      <line nr="24" mi="1" ci="0" mb="0" cb="0" />
      <line nr="26" mi="1" ci="0" mb="0" cb="0" />
      <line nr="27" mi="1" ci="0" mb="0" cb="0" />
      <line nr="29" mi="1" ci="0" mb="0" cb="0" />
      <line nr="30" mi="1" ci="0" mb="0" cb="0" />
      <line nr="31" mi="1" ci="0" mb="0" cb="0" />
      <line nr="32" mi="1" ci="0" mb="0" cb="0" />
      <line nr="33" mi="1" ci="0" mb="0" cb="0" />
      <line nr="34" mi="1" ci="0" mb="0" cb="0" />
      <line nr="35" mi="1" ci="0" mb="0" cb="0" />
      <line nr="36" mi="1" ci="0" mb="0" cb="0" />
      <line nr="37" mi="1" ci="0" mb="0" cb="0" />
      <line nr="38" mi="1" ci="0" mb="0" cb="0" />
      <line nr="40" mi="1" ci="0" mb="0" cb="0" />
      <line nr="41" mi="1" ci="0" mb="0" cb="0" />
      <line nr="42" mi="1" ci="0" mb="0" cb="0" />
      <line nr="43" mi="1" ci="0" mb="0" cb="0" />
      <line nr="44" mi="1" ci="0" mb="0" cb="0" />
      <line nr="45" mi="1" ci="0" mb="0" cb="0" />
      <line nr="46" mi="1" ci="0" mb="0" cb="0" />
      <line nr="47" mi="1" ci="0" mb="0" cb="0" />
      <line nr="48" mi="1" ci="0" mb="0" cb="0" />
      <line nr="49" mi="1" ci="0" mb="0" cb="0" />
      <line nr="50" mi="1" ci="0" mb="0" cb="0" />
      <line nr="51" mi="1" ci="0" mb="0" cb="0" />
      <line nr="52" mi="1" ci="0" mb="0" cb="0" />
      <line nr="53" mi="1" ci="0" mb="0" cb="0" />
      <line nr="55" mi="1" ci="0" mb="0" cb="0" />
      <line nr="56" mi="1" ci="0" mb="0" cb="0" />
      <line nr="58" mi="1" ci="0" mb="0" cb="0" />
      <line nr="59" mi="1" ci="0" mb="0" cb="0" />
      <line nr="60" mi="1" ci="0" mb="0" cb="0" />
      <line nr="61" mi="1" ci="0" mb="0" cb="0" />
      <line nr="62" mi="1" ci="0" mb="0" cb="0" />
      <line nr="63" mi="1" ci="0" mb="0" cb="0" />
      <line nr="65" mi="1" ci="0" mb="0" cb="0" />
      <line nr="66" mi="1" ci="0" mb="0" cb="0" />
      <line nr="67" mi="1" ci="0" mb="0" cb="0" />
      <line nr="68" mi="1" ci="0" mb="0" cb="0" />
      <line nr="69" mi="1" ci="0" mb="0" cb="0" />
      <line nr="70" mi="1" ci="0" mb="0" cb="0" />
      <line nr="72" mi="1" ci="0" mb="0" cb="0" />
      <line nr="73" mi="1" ci="0" mb="0" cb="0" />
      <line nr="74" mi="1" ci="0" mb="0" cb="0" />
      <line nr="75" mi="1" ci="0" mb="0" cb="0" />
      <line nr="76" mi="1" ci="0" mb="0" cb="0" />
      <line nr="77" mi="1" ci="0" mb="0" cb="0" />
      <line nr="79" mi="1" ci="0" mb="0" cb="0" />
      <line nr="80" mi="1" ci="0" mb="0" cb="0" />
      <line nr="81" mi="1" ci="0" mb="0" cb="0" />
      <line nr="82" mi="1" ci="0" mb="0" cb="0" />
      <line nr="84" mi="1" ci="0" mb="0" cb="0" />
      <line nr="85" mi="1" ci="0" mb="0" cb="0" />
      <line nr="86" mi="1" ci="0" mb="0" cb="0" />
      <counter type="INSTRUCTION" missed="58" covered="0" />
      <counter type="LINE" missed="58" covered="0" />
      <counter type="METHOD" missed="1" covered="0" />
      <counter type="CLASS" missed="1" covered="0" />
    </sourcefile>
    <sourcefile name="Public/Show-Menu.ps1">
      <line nr="32" mi="1" ci="0" mb="0" cb="0" />
      <line nr="35" mi="1" ci="0" mb="0" cb="0" />
      <line nr="36" mi="2" ci="0" mb="0" cb="0" />
      <line nr="40" mi="2" ci="0" mb="0" cb="0" />
      <line nr="41" mi="1" ci="0" mb="0" cb="0" />
      <line nr="42" mi="1" ci="0" mb="0" cb="0" />
      <line nr="43" mi="1" ci="0" mb="0" cb="0" />
      <line nr="44" mi="1" ci="0" mb="0" cb="0" />
      <line nr="45" mi="1" ci="0" mb="0" cb="0" />
      <line nr="49" mi="2" ci="0" mb="0" cb="0" />
      <line nr="50" mi="1" ci="0" mb="0" cb="0" />
      <line nr="53" mi="1" ci="0" mb="0" cb="0" />
      <line nr="58" mi="2" ci="0" mb="0" cb="0" />
      <line nr="59" mi="1" ci="0" mb="0" cb="0" />
      <line nr="60" mi="1" ci="0" mb="0" cb="0" />
      <line nr="63" mi="1" ci="0" mb="0" cb="0" />
      <line nr="67" mi="1" ci="0" mb="0" cb="0" />
      <line nr="70" mi="1" ci="0" mb="0" cb="0" />
      <line nr="73" mi="1" ci="0" mb="0" cb="0" />
      <line nr="87" mi="1" ci="0" mb="0" cb="0" />
      <line nr="88" mi="1" ci="0" mb="0" cb="0" />
      <counter type="INSTRUCTION" missed="25" covered="0" />
      <counter type="LINE" missed="21" covered="0" />
      <counter type="METHOD" missed="1" covered="0" />
      <counter type="CLASS" missed="1" covered="0" />
    </sourcefile>
    <sourcefile name="Public/Show-Options.ps1">
      <line nr="6" mi="1" ci="0" mb="0" cb="0" />
      <line nr="7" mi="1" ci="0" mb="0" cb="0" />
      <line nr="8" mi="2" ci="0" mb="0" cb="0" />
      <line nr="9" mi="1" ci="0" mb="0" cb="0" />
      <line nr="10" mi="1" ci="0" mb="0" cb="0" />
      <line nr="11" mi="1" ci="0" mb="0" cb="0" />
      <line nr="12" mi="1" ci="0" mb="0" cb="0" />
      <line nr="13" mi="1" ci="0" mb="0" cb="0" />
      <line nr="15" mi="1" ci="0" mb="0" cb="0" />
      <line nr="17" mi="1" ci="0" mb="0" cb="0" />
      <line nr="20" mi="1" ci="0" mb="0" cb="0" />
      <line nr="24" mi="1" ci="0" mb="0" cb="0" />
      <line nr="25" mi="1" ci="0" mb="0" cb="0" />
      <line nr="26" mi="1" ci="0" mb="0" cb="0" />
      <line nr="27" mi="1" ci="0" mb="0" cb="0" />
      <line nr="28" mi="1" ci="0" mb="0" cb="0" />
      <line nr="29" mi="1" ci="0" mb="0" cb="0" />
      <line nr="30" mi="1" ci="0" mb="0" cb="0" />
      <line nr="33" mi="1" ci="0" mb="0" cb="0" />
      <line nr="34" mi="1" ci="0" mb="0" cb="0" />
      <line nr="35" mi="1" ci="0" mb="0" cb="0" />
      <line nr="39" mi="1" ci="0" mb="0" cb="0" />
      <line nr="40" mi="1" ci="0" mb="0" cb="0" />
      <line nr="41" mi="1" ci="0" mb="0" cb="0" />
      <line nr="45" mi="1" ci="0" mb="0" cb="0" />
      <line nr="49" mi="1" ci="0" mb="0" cb="0" />
      <counter type="INSTRUCTION" missed="27" covered="0" />
      <counter type="LINE" missed="26" covered="0" />
      <counter type="METHOD" missed="2" covered="0" />
      <counter type="CLASS" missed="1" covered="0" />
    </sourcefile>
    <sourcefile name="Public/Update-AllCertificates.ps1">
      <line nr="11" mi="1" ci="0" mb="0" cb="0" />
      <line nr="12" mi="1" ci="0" mb="0" cb="0" />
      <line nr="13" mi="1" ci="0" mb="0" cb="0" />
      <line nr="14" mi="1" ci="0" mb="0" cb="0" />
      <line nr="15" mi="1" ci="0" mb="0" cb="0" />
      <line nr="18" mi="1" ci="0" mb="0" cb="0" />
      <line nr="21" mi="1" ci="0" mb="0" cb="0" />
      <line nr="22" mi="1" ci="0" mb="0" cb="0" />
      <line nr="23" mi="1" ci="0" mb="0" cb="0" />
      <line nr="25" mi="1" ci="0" mb="0" cb="0" />
      <line nr="26" mi="1" ci="0" mb="0" cb="0" />
      <line nr="28" mi="1" ci="0" mb="0" cb="0" />
      <line nr="29" mi="2" ci="0" mb="0" cb="0" />
      <line nr="30" mi="2" ci="0" mb="0" cb="0" />
      <line nr="32" mi="1" ci="0" mb="0" cb="0" />
      <line nr="35" mi="2" ci="0" mb="0" cb="0" />
      <line nr="36" mi="1" ci="0" mb="0" cb="0" />
      <line nr="37" mi="2" ci="0" mb="0" cb="0" />
      <line nr="38" mi="3" ci="0" mb="0" cb="0" />
      <line nr="40" mi="1" ci="0" mb="0" cb="0" />
      <line nr="41" mi="1" ci="0" mb="0" cb="0" />
      <line nr="42" mi="1" ci="0" mb="0" cb="0" />
      <line nr="43" mi="1" ci="0" mb="0" cb="0" />
      <line nr="44" mi="1" ci="0" mb="0" cb="0" />
      <line nr="47" mi="2" ci="0" mb="0" cb="0" />
      <line nr="51" mi="3" ci="0" mb="0" cb="0" />
      <line nr="52" mi="3" ci="0" mb="0" cb="0" />
      <counter type="INSTRUCTION" missed="38" covered="0" />
      <counter type="LINE" missed="27" covered="0" />
      <counter type="METHOD" missed="1" covered="0" />
      <counter type="CLASS" missed="1" covered="0" />
    </sourcefile>
    <counter type="INSTRUCTION" missed="2202" covered="0" />
    <counter type="LINE" missed="1736" covered="0" />
    <counter type="METHOD" missed="38" covered="0" />
    <counter type="CLASS" missed="15" covered="0" />
  </package>
  <counter type="INSTRUCTION" missed="5641" covered="72" />
  <counter type="LINE" missed="4426" covered="66" />
  <counter type="METHOD" missed="154" covered="10" />
  <counter type="CLASS" missed="40" covered="3" />
</report>
